TN:
SF:src/components/CellWrapper.tsx
FN:15,(anonymous_0)
FN:21,(anonymous_1)
FN:27,(anonymous_2)
FN:33,(anonymous_3)
FN:77,(anonymous_4)
FN:80,(anonymous_5)
FN:85,(anonymous_6)
FN:90,(anonymous_7)
FN:99,(anonymous_8)
FN:104,(anonymous_9)
FN:107,(anonymous_10)
FN:136,(anonymous_11)
FN:139,(anonymous_12)
FN:138,(anonymous_13)
FN:138,(anonymous_14)
FN:142,(anonymous_15)
FN:152,(anonymous_16)
FN:159,(anonymous_17)
FN:160,(anonymous_18)
FN:166,(anonymous_19)
FN:170,(anonymous_20)
FN:176,(anonymous_21)
FN:176,(anonymous_22)
FN:196,(anonymous_23)
FN:196,(anonymous_24)
FN:198,(anonymous_25)
FN:209,(anonymous_26)
FN:210,(anonymous_27)
FN:211,(anonymous_28)
FN:211,(anonymous_29)
FN:211,(anonymous_30)
FN:212,(anonymous_31)
FN:216,(anonymous_32)
FN:216,(anonymous_33)
FN:216,(anonymous_34)
FN:217,(anonymous_35)
FN:217,(anonymous_36)
FN:217,(anonymous_37)
FN:218,(anonymous_38)
FN:226,(anonymous_39)
FN:226,(anonymous_40)
FN:226,(anonymous_41)
FN:228,(anonymous_42)
FN:240,(anonymous_43)
FN:240,(anonymous_44)
FN:240,(anonymous_45)
FN:241,(anonymous_46)
FN:247,(anonymous_47)
FN:247,(anonymous_48)
FN:247,(anonymous_49)
FN:249,(anonymous_50)
FN:261,(anonymous_51)
FN:261,(anonymous_52)
FN:261,(anonymous_53)
FN:262,(anonymous_54)
FN:267,(anonymous_55)
FN:274,(anonymous_56)
FN:275,(anonymous_57)
FN:282,(anonymous_58)
FN:282,(anonymous_59)
FN:282,(anonymous_60)
FN:293,(anonymous_61)
FN:292,(anonymous_62)
FN:291,(anonymous_63)
FN:291,(anonymous_64)
FN:295,(anonymous_65)
FNF:66
FNH:0
FNDA:0,(anonymous_0)
FNDA:0,(anonymous_1)
FNDA:0,(anonymous_2)
FNDA:0,(anonymous_3)
FNDA:0,(anonymous_4)
FNDA:0,(anonymous_5)
FNDA:0,(anonymous_6)
FNDA:0,(anonymous_7)
FNDA:0,(anonymous_8)
FNDA:0,(anonymous_9)
FNDA:0,(anonymous_10)
FNDA:0,(anonymous_11)
FNDA:0,(anonymous_12)
FNDA:0,(anonymous_13)
FNDA:0,(anonymous_14)
FNDA:0,(anonymous_15)
FNDA:0,(anonymous_16)
FNDA:0,(anonymous_17)
FNDA:0,(anonymous_18)
FNDA:0,(anonymous_19)
FNDA:0,(anonymous_20)
FNDA:0,(anonymous_21)
FNDA:0,(anonymous_22)
FNDA:0,(anonymous_23)
FNDA:0,(anonymous_24)
FNDA:0,(anonymous_25)
FNDA:0,(anonymous_26)
FNDA:0,(anonymous_27)
FNDA:0,(anonymous_28)
FNDA:0,(anonymous_29)
FNDA:0,(anonymous_30)
FNDA:0,(anonymous_31)
FNDA:0,(anonymous_32)
FNDA:0,(anonymous_33)
FNDA:0,(anonymous_34)
FNDA:0,(anonymous_35)
FNDA:0,(anonymous_36)
FNDA:0,(anonymous_37)
FNDA:0,(anonymous_38)
FNDA:0,(anonymous_39)
FNDA:0,(anonymous_40)
FNDA:0,(anonymous_41)
FNDA:0,(anonymous_42)
FNDA:0,(anonymous_43)
FNDA:0,(anonymous_44)
FNDA:0,(anonymous_45)
FNDA:0,(anonymous_46)
FNDA:0,(anonymous_47)
FNDA:0,(anonymous_48)
FNDA:0,(anonymous_49)
FNDA:0,(anonymous_50)
FNDA:0,(anonymous_51)
FNDA:0,(anonymous_52)
FNDA:0,(anonymous_53)
FNDA:0,(anonymous_54)
FNDA:0,(anonymous_55)
FNDA:0,(anonymous_56)
FNDA:0,(anonymous_57)
FNDA:0,(anonymous_58)
FNDA:0,(anonymous_59)
FNDA:0,(anonymous_60)
FNDA:0,(anonymous_61)
FNDA:0,(anonymous_62)
FNDA:0,(anonymous_63)
FNDA:0,(anonymous_64)
FNDA:0,(anonymous_65)
DA:12,0
DA:15,0
DA:16,0
DA:17,0
DA:21,0
DA:22,0
DA:23,0
DA:27,0
DA:28,0
DA:29,0
DA:33,0
DA:34,0
DA:35,0
DA:36,0
DA:37,0
DA:38,0
DA:39,0
DA:42,0
DA:77,0
DA:78,0
DA:79,0
DA:80,0
DA:85,0
DA:88,0
DA:90,0
DA:91,0
DA:92,0
DA:96,0
DA:99,0
DA:100,0
DA:104,0
DA:107,0
DA:109,0
DA:110,0
DA:111,0
DA:112,0
DA:113,0
DA:114,0
DA:116,0
DA:117,0
DA:118,0
DA:121,0
DA:122,0
DA:124,0
DA:125,0
DA:127,0
DA:130,0
DA:136,0
DA:138,0
DA:139,0
DA:140,0
DA:142,0
DA:152,0
DA:159,0
DA:161,0
DA:162,0
DA:163,0
DA:167,0
DA:168,0
DA:171,0
DA:172,0
DA:173,0
DA:176,0
DA:187,0
DA:189,0
DA:190,0
DA:196,0
DA:199,0
DA:200,0
DA:201,0
DA:202,0
DA:207,0
DA:209,0
DA:210,0
DA:211,0
DA:212,0
DA:216,0
DA:217,0
DA:218,0
DA:226,0
DA:229,0
DA:230,0
DA:231,0
DA:238,0
DA:240,0
DA:241,0
DA:247,0
DA:250,0
DA:251,0
DA:252,0
DA:259,0
DA:261,0
DA:262,0
DA:267,0
DA:269,0
DA:274,0
DA:275,0
DA:282,0
DA:284,0
DA:290,0
DA:291,0
DA:292,0
DA:293,0
DA:295,0
DA:301,0
LF:105
LH:0
BRDA:16,0,0,0
BRDA:16,0,1,0
BRDA:22,1,0,0
BRDA:22,1,1,0
BRDA:28,2,0,0
BRDA:28,2,1,0
BRDA:28,3,0,0
BRDA:28,3,1,0
BRDA:29,4,0,0
BRDA:29,4,1,0
BRDA:38,5,0,0
BRDA:38,5,1,0
BRDA:85,6,0,0
BRDA:85,6,1,0
BRDA:88,7,0,0
BRDA:88,7,1,0
BRDA:91,8,0,0
BRDA:91,8,1,0
BRDA:92,9,0,0
BRDA:92,9,1,0
BRDA:110,10,0,0
BRDA:110,10,1,0
BRDA:110,11,0,0
BRDA:110,11,1,0
BRDA:121,12,0,0
BRDA:121,12,1,0
BRDA:121,13,0,0
BRDA:121,13,1,0
BRDA:122,14,0,0
BRDA:122,14,1,0
BRDA:125,15,0,0
BRDA:125,15,1,0
BRDA:140,16,0,0
BRDA:140,16,1,0
BRDA:142,17,0,0
BRDA:142,17,1,0
BRDA:145,18,0,0
BRDA:145,18,1,0
BRDA:145,18,2,0
BRDA:146,19,0,0
BRDA:146,19,1,0
BRDA:147,20,0,0
BRDA:147,20,1,0
BRDA:147,20,2,0
BRDA:148,21,0,0
BRDA:148,21,1,0
BRDA:148,21,2,0
BRDA:149,22,0,0
BRDA:149,22,1,0
BRDA:149,22,2,0
BRDA:150,23,0,0
BRDA:150,23,1,0
BRDA:156,24,0,0
BRDA:156,24,1,0
BRDA:157,25,0,0
BRDA:157,25,1,0
BRDA:161,26,0,0
BRDA:161,26,1,0
BRDA:167,27,0,0
BRDA:167,27,1,0
BRDA:202,28,0,0
BRDA:202,28,1,0
BRDA:202,28,2,0
BRDA:205,29,0,0
BRDA:205,29,1,0
BRDA:205,30,0,0
BRDA:205,30,1,0
BRDA:205,31,0,0
BRDA:205,31,1,0
BRDA:207,32,0,0
BRDA:207,32,1,0
BRDA:207,33,0,0
BRDA:207,33,1,0
BRDA:207,34,0,0
BRDA:207,34,1,0
BRDA:226,35,0,0
BRDA:226,35,1,0
BRDA:226,36,0,0
BRDA:226,36,1,0
BRDA:234,37,0,0
BRDA:234,37,1,0
BRDA:238,38,0,0
BRDA:238,38,1,0
BRDA:238,39,0,0
BRDA:238,39,1,0
BRDA:247,40,0,0
BRDA:247,40,1,0
BRDA:247,41,0,0
BRDA:247,41,1,0
BRDA:247,41,2,0
BRDA:255,42,0,0
BRDA:255,42,1,0
BRDA:259,43,0,0
BRDA:259,43,1,0
BRDA:259,44,0,0
BRDA:259,44,1,0
BRDA:180,45,0,0
BRDA:180,45,1,0
BRDA:180,46,0,0
BRDA:180,46,1,0
BRDA:187,47,0,0
BRDA:187,47,1,0
BRDA:188,48,0,0
BRDA:188,48,1,0
BRDA:189,49,0,0
BRDA:189,49,1,0
BRDA:190,50,0,0
BRDA:190,50,1,0
BRDA:190,51,0,0
BRDA:190,51,1,0
BRDA:282,52,0,0
BRDA:282,52,1,0
BRDA:290,53,0,0
BRDA:290,53,1,0
BRDA:301,54,0,0
BRDA:301,54,1,0
BRF:116
BRH:0
end_of_record
TN:
SF:src/components/CodeCell.tsx
FN:25,(anonymous_0)
FN:31,(anonymous_1)
FN:35,(anonymous_2)
FN:38,(anonymous_3)
FN:45,(anonymous_4)
FN:56,(anonymous_5)
FN:63,(anonymous_6)
FN:75,(anonymous_7)
FN:93,(anonymous_8)
FN:106,(anonymous_9)
FN:117,(anonymous_10)
FN:117,(anonymous_11)
FN:117,(anonymous_12)
FN:118,(anonymous_13)
FN:118,(anonymous_14)
FN:118,(anonymous_15)
FN:127,(anonymous_16)
FN:131,(anonymous_17)
FN:136,(anonymous_18)
FN:139,(anonymous_19)
FN:140,(anonymous_20)
FN:141,(anonymous_21)
FN:142,(anonymous_22)
FN:143,(anonymous_23)
FN:144,(anonymous_24)
FN:145,(anonymous_25)
FN:149,(anonymous_26)
FN:150,(anonymous_27)
FN:151,(anonymous_28)
FN:152,(anonymous_29)
FN:153,(anonymous_30)
FN:154,(anonymous_31)
FN:155,(anonymous_32)
FN:157,(anonymous_33)
FN:158,(anonymous_34)
FN:159,(anonymous_35)
FN:159,(anonymous_36)
FN:163,(anonymous_37)
FN:163,(anonymous_38)
FN:170,(anonymous_39)
FN:170,(anonymous_40)
FN:170,(anonymous_41)
FN:171,(anonymous_42)
FN:171,(anonymous_43)
FN:188,(anonymous_44)
FN:189,(anonymous_45)
FN:191,(anonymous_46)
FN:192,(anonymous_47)
FN:194,(anonymous_48)
FN:195,(anonymous_49)
FN:196,(anonymous_50)
FN:204,(anonymous_51)
FN:214,(anonymous_52)
FN:214,(anonymous_53)
FN:214,(anonymous_54)
FN:241,(anonymous_55)
FN:248,(anonymous_56)
FN:248,(anonymous_57)
FN:253,(anonymous_58)
FN:253,(anonymous_59)
FN:258,(anonymous_60)
FN:258,(anonymous_61)
FN:258,(anonymous_62)
FN:222,(anonymous_63)
FN:268,(anonymous_64)
FN:268,(anonymous_65)
FN:268,(anonymous_66)
FN:269,(anonymous_67)
FN:273,(anonymous_68)
FN:273,(anonymous_69)
FN:273,(anonymous_70)
FN:274,(anonymous_71)
FN:278,(anonymous_72)
FN:278,(anonymous_73)
FN:278,(anonymous_74)
FN:279,(anonymous_75)
FN:283,(anonymous_76)
FN:283,(anonymous_77)
FN:283,(anonymous_78)
FN:284,(anonymous_79)
FN:284,(anonymous_80)
FN:183,(anonymous_81)
FNF:82
FNH:0
FNDA:0,(anonymous_0)
FNDA:0,(anonymous_1)
FNDA:0,(anonymous_2)
FNDA:0,(anonymous_3)
FNDA:0,(anonymous_4)
FNDA:0,(anonymous_5)
FNDA:0,(anonymous_6)
FNDA:0,(anonymous_7)
FNDA:0,(anonymous_8)
FNDA:0,(anonymous_9)
FNDA:0,(anonymous_10)
FNDA:0,(anonymous_11)
FNDA:0,(anonymous_12)
FNDA:0,(anonymous_13)
FNDA:0,(anonymous_14)
FNDA:0,(anonymous_15)
FNDA:0,(anonymous_16)
FNDA:0,(anonymous_17)
FNDA:0,(anonymous_18)
FNDA:0,(anonymous_19)
FNDA:0,(anonymous_20)
FNDA:0,(anonymous_21)
FNDA:0,(anonymous_22)
FNDA:0,(anonymous_23)
FNDA:0,(anonymous_24)
FNDA:0,(anonymous_25)
FNDA:0,(anonymous_26)
FNDA:0,(anonymous_27)
FNDA:0,(anonymous_28)
FNDA:0,(anonymous_29)
FNDA:0,(anonymous_30)
FNDA:0,(anonymous_31)
FNDA:0,(anonymous_32)
FNDA:0,(anonymous_33)
FNDA:0,(anonymous_34)
FNDA:0,(anonymous_35)
FNDA:0,(anonymous_36)
FNDA:0,(anonymous_37)
FNDA:0,(anonymous_38)
FNDA:0,(anonymous_39)
FNDA:0,(anonymous_40)
FNDA:0,(anonymous_41)
FNDA:0,(anonymous_42)
FNDA:0,(anonymous_43)
FNDA:0,(anonymous_44)
FNDA:0,(anonymous_45)
FNDA:0,(anonymous_46)
FNDA:0,(anonymous_47)
FNDA:0,(anonymous_48)
FNDA:0,(anonymous_49)
FNDA:0,(anonymous_50)
FNDA:0,(anonymous_51)
FNDA:0,(anonymous_52)
FNDA:0,(anonymous_53)
FNDA:0,(anonymous_54)
FNDA:0,(anonymous_55)
FNDA:0,(anonymous_56)
FNDA:0,(anonymous_57)
FNDA:0,(anonymous_58)
FNDA:0,(anonymous_59)
FNDA:0,(anonymous_60)
FNDA:0,(anonymous_61)
FNDA:0,(anonymous_62)
FNDA:0,(anonymous_63)
FNDA:0,(anonymous_64)
FNDA:0,(anonymous_65)
FNDA:0,(anonymous_66)
FNDA:0,(anonymous_67)
FNDA:0,(anonymous_68)
FNDA:0,(anonymous_69)
FNDA:0,(anonymous_70)
FNDA:0,(anonymous_71)
FNDA:0,(anonymous_72)
FNDA:0,(anonymous_73)
FNDA:0,(anonymous_74)
FNDA:0,(anonymous_75)
FNDA:0,(anonymous_76)
FNDA:0,(anonymous_77)
FNDA:0,(anonymous_78)
FNDA:0,(anonymous_79)
FNDA:0,(anonymous_80)
FNDA:0,(anonymous_81)
DA:25,0
DA:28,0
DA:31,0
DA:35,0
DA:38,0
DA:39,0
DA:40,0
DA:45,0
DA:46,0
DA:47,0
DA:48,0
DA:56,0
DA:57,0
DA:58,0
DA:63,0
DA:64,0
DA:75,0
DA:76,0
DA:79,0
DA:82,0
DA:84,0
DA:93,0
DA:94,0
DA:97,0
DA:98,0
DA:99,0
DA:103,0
DA:106,0
DA:109,0
DA:110,0
DA:115,0
DA:117,0
DA:118,0
DA:119,0
DA:127,0
DA:131,0
DA:136,0
DA:137,0
DA:139,0
DA:140,0
DA:141,0
DA:142,0
DA:143,0
DA:144,0
DA:145,0
DA:149,0
DA:150,0
DA:151,0
DA:152,0
DA:153,0
DA:154,0
DA:155,0
DA:157,0
DA:158,0
DA:159,0
DA:163,0
DA:165,0
DA:170,0
DA:171,0
DA:178,0
DA:183,0
DA:184,0
DA:188,0
DA:189,0
DA:191,0
DA:192,0
DA:194,0
DA:195,0
DA:197,0
DA:198,0
DA:199,0
DA:200,0
DA:201,0
DA:205,0
DA:206,0
DA:208,0
DA:214,0
DA:223,0
DA:225,0
DA:226,0
DA:227,0
DA:228,0
DA:229,0
DA:232,0
DA:234,0
DA:239,0
DA:242,0
DA:243,0
DA:244,0
DA:245,0
DA:246,0
DA:248,0
DA:250,0
DA:253,0
DA:258,0
DA:268,0
DA:269,0
DA:273,0
DA:274,0
DA:278,0
DA:279,0
DA:283,0
DA:284,0
DA:292,0
LF:104
LH:0
BRDA:40,0,0,0
BRDA:40,0,1,0
BRDA:40,0,2,0
BRDA:40,0,3,0
BRDA:40,0,4,0
BRDA:40,0,5,0
BRDA:47,1,0,0
BRDA:47,1,1,0
BRDA:48,2,0,0
BRDA:48,2,1,0
BRDA:48,2,2,0
BRDA:48,2,3,0
BRDA:48,2,4,0
BRDA:48,2,5,0
BRDA:58,3,0,0
BRDA:58,3,1,0
BRDA:64,4,0,0
BRDA:64,4,1,0
BRDA:64,4,2,0
BRDA:76,5,0,0
BRDA:76,5,1,0
BRDA:79,6,0,0
BRDA:79,6,1,0
BRDA:82,7,0,0
BRDA:82,7,1,0
BRDA:82,8,0,0
BRDA:82,8,1,0
BRDA:94,9,0,0
BRDA:94,9,1,0
BRDA:113,10,0,0
BRDA:113,10,1,0
BRDA:113,11,0,0
BRDA:113,11,1,0
BRDA:113,12,0,0
BRDA:113,12,1,0
BRDA:115,13,0,0
BRDA:115,13,1,0
BRDA:115,14,0,0
BRDA:115,14,1,0
BRDA:170,15,0,0
BRDA:170,15,1,0
BRDA:170,16,0,0
BRDA:170,16,1,0
BRDA:197,17,0,0
BRDA:197,17,1,0
BRDA:198,18,0,0
BRDA:198,18,1,0
BRDA:198,19,0,0
BRDA:198,19,1,0
BRDA:200,20,0,0
BRDA:200,20,1,0
BRDA:200,21,0,0
BRDA:200,21,1,0
BRDA:204,22,0,0
BRDA:204,22,1,0
BRDA:205,23,0,0
BRDA:205,23,1,0
BRDA:214,24,0,0
BRDA:214,24,1,0
BRDA:243,25,0,0
BRDA:243,25,1,0
BRDA:243,26,0,0
BRDA:243,26,1,0
BRDA:258,27,0,0
BRDA:258,27,1,0
BRDA:220,28,0,0
BRDA:220,28,1,0
BRDA:220,29,0,0
BRDA:220,29,1,0
BRDA:225,30,0,0
BRDA:225,30,1,0
BRDA:225,31,0,0
BRDA:225,31,1,0
BRDA:225,31,2,0
BRDA:226,32,0,0
BRDA:226,32,1,0
BRDA:227,33,0,0
BRDA:227,33,1,0
BRDA:227,34,0,0
BRDA:227,34,1,0
BRDA:228,35,0,0
BRDA:228,35,1,0
BRDA:238,36,0,0
BRDA:238,36,1,0
BRDA:238,37,0,0
BRDA:238,37,1,0
BRDA:238,37,2,0
BRDA:239,38,0,0
BRDA:239,38,1,0
BRDA:268,39,0,0
BRDA:268,39,1,0
BRDA:273,40,0,0
BRDA:273,40,1,0
BRDA:278,41,0,0
BRDA:278,41,1,0
BRDA:278,42,0,0
BRDA:278,42,1,0
BRDA:283,43,0,0
BRDA:283,43,1,0
BRDA:177,44,0,0
BRDA:177,44,1,0
BRDA:182,45,0,0
BRDA:182,45,1,0
BRDA:183,46,0,0
BRDA:183,46,1,0
BRDA:137,47,0,0
BRDA:137,47,1,0
BRDA:292,48,0,0
BRDA:292,48,1,0
BRF:109
BRH:0
end_of_record
TN:
SF:src/components/CodeEditor.tsx
FN:20,(anonymous_0)
FN:32,selectPreviousOccurrence
FN:37,(anonymous_2)
FN:39,(anonymous_3)
FN:53,(anonymous_4)
FN:59,(anonymous_5)
FN:94,(anonymous_6)
FN:129,smartSelectionMatches
FN:133,(anonymous_8)
FN:136,(anonymous_9)
FN:156,(anonymous_10)
FN:175,(anonymous_11)
FN:186,(anonymous_12)
FN:191,jumpToMatchingBracket
FN:228,(anonymous_14)
FN:237,(anonymous_15)
FN:241,(anonymous_16)
FN:248,(anonymous_17)
FN:255,(anonymous_18)
FN:267,(anonymous_19)
FN:271,(anonymous_20)
FN:285,(anonymous_21)
FN:292,(anonymous_22)
FN:309,(anonymous_23)
FN:331,(anonymous_24)
FN:360,(anonymous_25)
FN:373,(anonymous_26)
FN:393,(anonymous_27)
FN:415,(anonymous_28)
FN:448,(anonymous_29)
FN:458,(anonymous_30)
FN:499,(anonymous_31)
FN:500,(anonymous_32)
FN:538,(anonymous_33)
FN:541,(anonymous_34)
FN:655,(anonymous_35)
FN:675,(anonymous_36)
FN:678,(anonymous_37)
FN:683,(anonymous_38)
FN:688,(anonymous_39)
FN:691,(anonymous_40)
FN:694,(anonymous_41)
FN:697,(anonymous_42)
FN:701,(anonymous_43)
FN:715,(anonymous_44)
FN:716,(anonymous_45)
FN:730,(anonymous_46)
FN:747,(anonymous_47)
FN:748,(anonymous_48)
FNF:49
FNH:0
FNDA:0,(anonymous_0)
FNDA:0,selectPreviousOccurrence
FNDA:0,(anonymous_2)
FNDA:0,(anonymous_3)
FNDA:0,(anonymous_4)
FNDA:0,(anonymous_5)
FNDA:0,(anonymous_6)
FNDA:0,smartSelectionMatches
FNDA:0,(anonymous_8)
FNDA:0,(anonymous_9)
FNDA:0,(anonymous_10)
FNDA:0,(anonymous_11)
FNDA:0,(anonymous_12)
FNDA:0,jumpToMatchingBracket
FNDA:0,(anonymous_14)
FNDA:0,(anonymous_15)
FNDA:0,(anonymous_16)
FNDA:0,(anonymous_17)
FNDA:0,(anonymous_18)
FNDA:0,(anonymous_19)
FNDA:0,(anonymous_20)
FNDA:0,(anonymous_21)
FNDA:0,(anonymous_22)
FNDA:0,(anonymous_23)
FNDA:0,(anonymous_24)
FNDA:0,(anonymous_25)
FNDA:0,(anonymous_26)
FNDA:0,(anonymous_27)
FNDA:0,(anonymous_28)
FNDA:0,(anonymous_29)
FNDA:0,(anonymous_30)
FNDA:0,(anonymous_31)
FNDA:0,(anonymous_32)
FNDA:0,(anonymous_33)
FNDA:0,(anonymous_34)
FNDA:0,(anonymous_35)
FNDA:0,(anonymous_36)
FNDA:0,(anonymous_37)
FNDA:0,(anonymous_38)
FNDA:0,(anonymous_39)
FNDA:0,(anonymous_40)
FNDA:0,(anonymous_41)
FNDA:0,(anonymous_42)
FNDA:0,(anonymous_43)
FNDA:0,(anonymous_44)
FNDA:0,(anonymous_45)
FNDA:0,(anonymous_46)
FNDA:0,(anonymous_47)
FNDA:0,(anonymous_48)
DA:20,0
DA:33,0
DA:34,0
DA:37,0
DA:39,0
DA:40,0
DA:41,0
DA:43,0
DA:44,0
DA:45,0
DA:46,0
DA:50,0
DA:53,0
DA:54,0
DA:59,0
DA:62,0
DA:63,0
DA:65,0
DA:67,0
DA:68,0
DA:69,0
DA:74,0
DA:75,0
DA:79,0
DA:80,0
DA:81,0
DA:84,0
DA:86,0
DA:87,0
DA:88,0
DA:89,0
DA:91,0
DA:92,0
DA:94,0
DA:95,0
DA:99,0
DA:100,0
DA:103,0
DA:106,0
DA:109,0
DA:117,0
DA:130,0
DA:132,0
DA:134,0
DA:137,0
DA:138,0
DA:141,0
DA:142,0
DA:146,0
DA:149,0
DA:150,0
DA:155,0
DA:156,0
DA:157,0
DA:158,0
DA:159,0
DA:162,0
DA:163,0
DA:168,0
DA:169,0
DA:171,0
DA:172,0
DA:175,0
DA:176,0
DA:179,0
DA:180,0
DA:184,0
DA:186,0
DA:192,0
DA:193,0
DA:196,0
DA:198,0
DA:202,0
DA:204,0
DA:208,0
DA:211,0
DA:228,0
DA:229,0
DA:237,0
DA:238,0
DA:240,0
DA:241,0
DA:242,0
DA:244,0
DA:245,0
DA:248,0
DA:249,0
DA:254,0
DA:255,0
DA:267,0
DA:268,0
DA:270,0
DA:271,0
DA:272,0
DA:273,0
DA:276,0
DA:277,0
DA:278,0
DA:283,0
DA:285,0
DA:286,0
DA:292,0
DA:293,0
DA:294,0
DA:303,0
DA:309,0
DA:310,0
DA:312,0
DA:314,0
DA:315,0
DA:319,0
DA:320,0
DA:328,0
DA:331,0
DA:332,0
DA:333,0
DA:335,0
DA:336,0
DA:339,0
DA:348,0
DA:350,0
DA:356,0
DA:360,0
DA:361,0
DA:362,0
DA:364,0
DA:365,0
DA:366,0
DA:367,0
DA:373,0
DA:374,0
DA:375,0
DA:376,0
DA:378,0
DA:383,0
DA:385,0
DA:387,0
DA:393,0
DA:394,0
DA:395,0
DA:397,0
DA:398,0
DA:400,0
DA:402,0
DA:403,0
DA:404,0
DA:407,0
DA:411,0
DA:415,0
DA:416,0
DA:417,0
DA:419,0
DA:420,0
DA:421,0
DA:423,0
DA:426,0
DA:428,0
DA:429,0
DA:431,0
DA:433,0
DA:435,0
DA:436,0
DA:437,0
DA:444,0
DA:448,0
DA:449,0
DA:450,0
DA:458,0
DA:499,0
DA:501,0
DA:502,0
DA:504,0
DA:509,0
DA:539,0
DA:540,0
DA:541,0
DA:542,0
DA:543,0
DA:544,0
DA:545,0
DA:655,0
DA:672,0
DA:675,0
DA:678,0
DA:679,0
DA:683,0
DA:684,0
DA:688,0
DA:691,0
DA:694,0
DA:697,0
DA:698,0
DA:700,0
DA:701,0
DA:702,0
DA:703,0
DA:704,0
DA:706,0
DA:707,0
DA:711,0
DA:715,0
DA:716,0
DA:718,0
DA:719,0
DA:720,0
DA:721,0
DA:722,0
DA:723,0
DA:730,0
DA:731,0
DA:732,0
DA:733,0
DA:734,0
DA:735,0
DA:736,0
DA:737,0
DA:738,0
DA:741,0
DA:742,0
DA:747,0
DA:748,0
DA:752,0
LF:222
LH:0
BRDA:37,0,0,0
BRDA:37,0,1,0
BRDA:41,1,0,0
BRDA:41,1,1,0
BRDA:44,2,0,0
BRDA:44,2,1,0
BRDA:53,3,0,0
BRDA:53,3,1,0
BRDA:79,4,0,0
BRDA:79,4,1,0
BRDA:84,5,0,0
BRDA:84,5,1,0
BRDA:94,6,0,0
BRDA:94,6,1,0
BRDA:94,7,0,0
BRDA:94,7,1,0
BRDA:106,8,0,0
BRDA:106,8,1,0
BRDA:141,9,0,0
BRDA:141,9,1,0
BRDA:149,10,0,0
BRDA:149,10,1,0
BRDA:155,11,0,0
BRDA:155,11,1,0
BRDA:157,12,0,0
BRDA:157,12,1,0
BRDA:162,13,0,0
BRDA:162,13,1,0
BRDA:176,14,0,0
BRDA:176,14,1,0
BRDA:176,14,2,0
BRDA:176,14,3,0
BRDA:179,15,0,0
BRDA:179,15,1,0
BRDA:196,16,0,0
BRDA:196,16,1,0
BRDA:198,17,0,0
BRDA:198,17,1,0
BRDA:198,18,0,0
BRDA:198,18,1,0
BRDA:198,18,2,0
BRDA:240,19,0,0
BRDA:240,19,1,0
BRDA:240,20,0,0
BRDA:240,20,1,0
BRDA:240,20,2,0
BRDA:242,21,0,0
BRDA:242,21,1,0
BRDA:270,22,0,0
BRDA:270,22,1,0
BRDA:270,23,0,0
BRDA:270,23,1,0
BRDA:270,23,2,0
BRDA:276,24,0,0
BRDA:276,24,1,0
BRDA:293,25,0,0
BRDA:293,25,1,0
BRDA:293,26,0,0
BRDA:293,26,1,0
BRDA:314,27,0,0
BRDA:314,27,1,0
BRDA:319,28,0,0
BRDA:319,28,1,0
BRDA:319,29,0,0
BRDA:319,29,1,0
BRDA:335,30,0,0
BRDA:335,30,1,0
BRDA:335,31,0,0
BRDA:335,31,1,0
BRDA:335,31,2,0
BRDA:364,32,0,0
BRDA:364,32,1,0
BRDA:364,33,0,0
BRDA:364,33,1,0
BRDA:364,33,2,0
BRDA:375,34,0,0
BRDA:375,34,1,0
BRDA:397,35,0,0
BRDA:397,35,1,0
BRDA:397,36,0,0
BRDA:397,36,1,0
BRDA:397,36,2,0
BRDA:400,37,0,0
BRDA:400,37,1,0
BRDA:419,38,0,0
BRDA:419,38,1,0
BRDA:419,39,0,0
BRDA:419,39,1,0
BRDA:423,40,0,0
BRDA:423,40,1,0
BRDA:431,41,0,0
BRDA:431,41,1,0
BRDA:433,42,0,0
BRDA:433,42,1,0
BRDA:436,43,0,0
BRDA:436,43,1,0
BRDA:449,44,0,0
BRDA:449,44,1,0
BRDA:449,45,0,0
BRDA:449,45,1,0
BRDA:501,46,0,0
BRDA:501,46,1,0
BRDA:501,47,0,0
BRDA:501,47,1,0
BRDA:501,47,2,0
BRDA:501,47,3,0
BRDA:539,48,0,0
BRDA:539,48,1,0
BRDA:679,49,0,0
BRDA:679,49,1,0
BRDA:684,50,0,0
BRDA:684,50,1,0
BRDA:700,51,0,0
BRDA:700,51,1,0
BRDA:700,52,0,0
BRDA:700,52,1,0
BRDA:702,53,0,0
BRDA:702,53,1,0
BRDA:702,54,0,0
BRDA:702,54,1,0
BRDA:706,55,0,0
BRDA:706,55,1,0
BRDA:706,56,0,0
BRDA:706,56,1,0
BRDA:718,57,0,0
BRDA:718,57,1,0
BRDA:722,58,0,0
BRDA:722,58,1,0
BRDA:722,59,0,0
BRDA:722,59,1,0
BRDA:732,60,0,0
BRDA:732,60,1,0
BRDA:734,61,0,0
BRDA:734,61,1,0
BRDA:735,62,0,0
BRDA:735,62,1,0
BRDA:737,63,0,0
BRDA:737,63,1,0
BRDA:748,64,0,0
BRDA:748,64,1,0
BRDA:752,65,0,0
BRDA:752,65,1,0
BRF:142
BRH:0
end_of_record
TN:
SF:src/components/CodeVisibilityDialog.tsx
FN:19,(anonymous_0)
FN:21,(anonymous_1)
FN:23,(anonymous_2)
FN:47,(anonymous_3)
FN:66,(anonymous_4)
FN:81,(anonymous_5)
FN:87,(anonymous_6)
FN:96,(anonymous_7)
FN:97,(anonymous_8)
FN:100,(anonymous_9)
FN:141,(anonymous_10)
FN:154,(anonymous_11)
FN:154,(anonymous_12)
FN:157,(anonymous_13)
FN:165,(anonymous_14)
FN:165,(anonymous_15)
FN:172,(anonymous_16)
FN:177,(anonymous_17)
FN:177,(anonymous_18)
FN:177,(anonymous_19)
FN:186,(anonymous_20)
FN:189,(anonymous_21)
FN:193,(anonymous_22)
FN:193,(anonymous_23)
FN:193,(anonymous_24)
FN:194,(anonymous_25)
FN:200,(anonymous_26)
FN:200,(anonymous_27)
FN:200,(anonymous_28)
FN:209,(anonymous_29)
FN:217,(anonymous_30)
FN:217,(anonymous_31)
FN:214,(anonymous_32)
FN:227,(anonymous_33)
FN:235,(anonymous_34)
FN:235,(anonymous_35)
FN:232,(anonymous_36)
FN:241,(anonymous_37)
FN:248,(anonymous_38)
FN:254,(anonymous_39)
FN:254,(anonymous_40)
FN:254,(anonymous_41)
FN:256,(anonymous_42)
FN:274,(anonymous_43)
FN:301,(anonymous_44)
FN:301,(anonymous_45)
FN:317,(anonymous_46)
FN:317,(anonymous_47)
FN:317,(anonymous_48)
FN:329,(anonymous_49)
FN:329,(anonymous_50)
FN:344,(anonymous_51)
FN:344,(anonymous_52)
FN:353,(anonymous_53)
FN:353,(anonymous_54)
FN:353,(anonymous_55)
FN:360,(anonymous_56)
FN:360,(anonymous_57)
FN:367,(anonymous_58)
FN:367,(anonymous_59)
FN:375,(anonymous_60)
FN:375,(anonymous_61)
FN:375,(anonymous_62)
FN:380,(anonymous_63)
FN:380,(anonymous_64)
FN:392,(anonymous_65)
FN:392,(anonymous_66)
FN:397,(anonymous_67)
FN:397,(anonymous_68)
FN:436,(anonymous_69)
FN:440,(anonymous_70)
FN:440,(anonymous_71)
FN:449,(anonymous_72)
FNF:73
FNH:0
FNDA:0,(anonymous_0)
FNDA:0,(anonymous_1)
FNDA:0,(anonymous_2)
FNDA:0,(anonymous_3)
FNDA:0,(anonymous_4)
FNDA:0,(anonymous_5)
FNDA:0,(anonymous_6)
FNDA:0,(anonymous_7)
FNDA:0,(anonymous_8)
FNDA:0,(anonymous_9)
FNDA:0,(anonymous_10)
FNDA:0,(anonymous_11)
FNDA:0,(anonymous_12)
FNDA:0,(anonymous_13)
FNDA:0,(anonymous_14)
FNDA:0,(anonymous_15)
FNDA:0,(anonymous_16)
FNDA:0,(anonymous_17)
FNDA:0,(anonymous_18)
FNDA:0,(anonymous_19)
FNDA:0,(anonymous_20)
FNDA:0,(anonymous_21)
FNDA:0,(anonymous_22)
FNDA:0,(anonymous_23)
FNDA:0,(anonymous_24)
FNDA:0,(anonymous_25)
FNDA:0,(anonymous_26)
FNDA:0,(anonymous_27)
FNDA:0,(anonymous_28)
FNDA:0,(anonymous_29)
FNDA:0,(anonymous_30)
FNDA:0,(anonymous_31)
FNDA:0,(anonymous_32)
FNDA:0,(anonymous_33)
FNDA:0,(anonymous_34)
FNDA:0,(anonymous_35)
FNDA:0,(anonymous_36)
FNDA:0,(anonymous_37)
FNDA:0,(anonymous_38)
FNDA:0,(anonymous_39)
FNDA:0,(anonymous_40)
FNDA:0,(anonymous_41)
FNDA:0,(anonymous_42)
FNDA:0,(anonymous_43)
FNDA:0,(anonymous_44)
FNDA:0,(anonymous_45)
FNDA:0,(anonymous_46)
FNDA:0,(anonymous_47)
FNDA:0,(anonymous_48)
FNDA:0,(anonymous_49)
FNDA:0,(anonymous_50)
FNDA:0,(anonymous_51)
FNDA:0,(anonymous_52)
FNDA:0,(anonymous_53)
FNDA:0,(anonymous_54)
FNDA:0,(anonymous_55)
FNDA:0,(anonymous_56)
FNDA:0,(anonymous_57)
FNDA:0,(anonymous_58)
FNDA:0,(anonymous_59)
FNDA:0,(anonymous_60)
FNDA:0,(anonymous_61)
FNDA:0,(anonymous_62)
FNDA:0,(anonymous_63)
FNDA:0,(anonymous_64)
FNDA:0,(anonymous_65)
FNDA:0,(anonymous_66)
FNDA:0,(anonymous_67)
FNDA:0,(anonymous_68)
FNDA:0,(anonymous_69)
FNDA:0,(anonymous_70)
FNDA:0,(anonymous_71)
FNDA:0,(anonymous_72)
DA:19,0
DA:21,0
DA:22,0
DA:23,0
DA:24,0
DA:28,0
DA:31,0
DA:44,0
DA:47,0
DA:48,0
DA:49,0
DA:50,0
DA:52,0
DA:66,0
DA:67,0
DA:81,0
DA:82,0
DA:83,0
DA:87,0
DA:88,0
DA:89,0
DA:90,0
DA:92,0
DA:96,0
DA:97,0
DA:100,0
DA:101,0
DA:103,0
DA:105,0
DA:113,0
DA:117,0
DA:118,0
DA:121,0
DA:122,0
DA:123,0
DA:124,0
DA:125,0
DA:126,0
DA:127,0
DA:128,0
DA:129,0
DA:131,0
DA:133,0
DA:135,0
DA:136,0
DA:141,0
DA:142,0
DA:143,0
DA:154,0
DA:157,0
DA:164,0
DA:165,0
DA:171,0
DA:172,0
DA:174,0
DA:177,0
DA:187,0
DA:188,0
DA:189,0
DA:190,0
DA:191,0
DA:193,0
DA:194,0
DA:200,0
DA:210,0
DA:211,0
DA:212,0
DA:213,0
DA:214,0
DA:216,0
DA:217,0
DA:228,0
DA:229,0
DA:230,0
DA:231,0
DA:232,0
DA:234,0
DA:235,0
DA:241,0
DA:244,0
DA:248,0
DA:253,0
DA:254,0
DA:256,0
DA:261,0
DA:262,0
DA:275,0
DA:276,0
DA:277,0
DA:278,0
DA:280,0
DA:284,0
DA:287,0
DA:291,0
DA:292,0
DA:293,0
DA:294,0
DA:295,0
DA:296,0
DA:301,0
DA:303,0
DA:317,0
DA:329,0
DA:344,0
DA:353,0
DA:360,0
DA:367,0
DA:375,0
DA:380,0
DA:392,0
DA:397,0
DA:403,0
DA:414,0
DA:422,0
DA:436,0
DA:439,0
DA:440,0
DA:449,0
DA:461,0
LF:119
LH:0
BRDA:22,0,0,0
BRDA:22,0,1,0
BRDA:24,1,0,0
BRDA:24,1,1,0
BRDA:49,2,0,0
BRDA:49,2,1,0
BRDA:53,3,0,0
BRDA:53,3,1,0
BRDA:54,4,0,0
BRDA:54,4,1,0
BRDA:55,5,0,0
BRDA:55,5,1,0
BRDA:56,6,0,0
BRDA:56,6,1,0
BRDA:57,7,0,0
BRDA:57,7,1,0
BRDA:58,8,0,0
BRDA:58,8,1,0
BRDA:89,9,0,0
BRDA:89,9,1,0
BRDA:103,10,0,0
BRDA:103,10,1,0
BRDA:103,11,0,0
BRDA:103,11,1,0
BRDA:143,12,0,0
BRDA:143,12,1,0
BRDA:143,12,2,0
BRDA:143,12,3,0
BRDA:177,13,0,0
BRDA:177,13,1,0
BRDA:188,14,0,0
BRDA:188,14,1,0
BRDA:189,15,0,0
BRDA:189,15,1,0
BRDA:182,16,0,0
BRDA:182,16,1,0
BRDA:191,17,0,0
BRDA:191,17,1,0
BRDA:191,18,0,0
BRDA:191,18,1,0
BRDA:200,19,0,0
BRDA:200,19,1,0
BRDA:211,20,0,0
BRDA:211,20,1,0
BRDA:205,21,0,0
BRDA:205,21,1,0
BRDA:214,22,0,0
BRDA:214,22,1,0
BRDA:214,23,0,0
BRDA:214,23,1,0
BRDA:214,24,0,0
BRDA:214,24,1,0
BRDA:229,25,0,0
BRDA:229,25,1,0
BRDA:223,26,0,0
BRDA:223,26,1,0
BRDA:232,27,0,0
BRDA:232,27,1,0
BRDA:232,28,0,0
BRDA:232,28,1,0
BRDA:232,29,0,0
BRDA:232,29,1,0
BRDA:161,30,0,0
BRDA:161,30,1,0
BRDA:171,31,0,0
BRDA:171,31,1,0
BRDA:254,32,0,0
BRDA:254,32,1,0
BRDA:275,33,0,0
BRDA:275,33,1,0
BRDA:317,34,0,0
BRDA:317,34,1,0
BRDA:353,35,0,0
BRDA:353,35,1,0
BRDA:375,36,0,0
BRDA:375,36,1,0
BRDA:397,37,0,0
BRDA:397,37,1,0
BRDA:403,38,0,0
BRDA:403,38,1,0
BRDA:413,39,0,0
BRDA:413,39,1,0
BRDA:421,40,0,0
BRDA:421,40,1,0
BRDA:422,41,0,0
BRDA:422,41,1,0
BRDA:283,42,0,0
BRDA:283,42,1,0
BRDA:283,43,0,0
BRDA:283,43,1,0
BRDA:324,44,0,0
BRDA:324,44,1,0
BRDA:439,45,0,0
BRDA:439,45,1,0
BRDA:439,46,0,0
BRDA:439,46,1,0
BRDA:461,47,0,0
BRDA:461,47,1,0
BRF:98
BRH:0
end_of_record
TN:
SF:src/components/MarkdownCell.tsx
FN:17,(anonymous_0)
FN:18,(anonymous_1)
FN:28,(anonymous_2)
FN:39,(anonymous_3)
FN:66,(anonymous_4)
FN:91,(anonymous_5)
FN:115,(anonymous_6)
FN:120,(anonymous_7)
FN:125,(anonymous_8)
FN:128,(anonymous_9)
FN:133,(anonymous_10)
FN:179,(anonymous_11)
FN:179,(anonymous_12)
FN:184,(anonymous_13)
FN:188,(anonymous_14)
FN:198,(anonymous_15)
FN:198,(anonymous_16)
FN:198,(anonymous_17)
FN:206,(anonymous_18)
FN:210,(anonymous_19)
FN:215,(anonymous_20)
FN:218,(anonymous_21)
FN:219,(anonymous_22)
FN:220,(anonymous_23)
FN:221,(anonymous_24)
FN:222,(anonymous_25)
FN:223,(anonymous_26)
FN:224,(anonymous_27)
FN:228,(anonymous_28)
FN:230,(anonymous_29)
FN:231,(anonymous_30)
FN:232,(anonymous_31)
FN:233,(anonymous_32)
FN:233,(anonymous_33)
FN:237,(anonymous_34)
FN:243,(anonymous_35)
FN:244,(anonymous_36)
FN:244,(anonymous_37)
FN:247,(anonymous_38)
FN:253,(anonymous_39)
FN:254,(anonymous_40)
FN:255,(anonymous_41)
FN:257,(anonymous_42)
FNF:43
FNH:0
FNDA:0,(anonymous_0)
FNDA:0,(anonymous_1)
FNDA:0,(anonymous_2)
FNDA:0,(anonymous_3)
FNDA:0,(anonymous_4)
FNDA:0,(anonymous_5)
FNDA:0,(anonymous_6)
FNDA:0,(anonymous_7)
FNDA:0,(anonymous_8)
FNDA:0,(anonymous_9)
FNDA:0,(anonymous_10)
FNDA:0,(anonymous_11)
FNDA:0,(anonymous_12)
FNDA:0,(anonymous_13)
FNDA:0,(anonymous_14)
FNDA:0,(anonymous_15)
FNDA:0,(anonymous_16)
FNDA:0,(anonymous_17)
FNDA:0,(anonymous_18)
FNDA:0,(anonymous_19)
FNDA:0,(anonymous_20)
FNDA:0,(anonymous_21)
FNDA:0,(anonymous_22)
FNDA:0,(anonymous_23)
FNDA:0,(anonymous_24)
FNDA:0,(anonymous_25)
FNDA:0,(anonymous_26)
FNDA:0,(anonymous_27)
FNDA:0,(anonymous_28)
FNDA:0,(anonymous_29)
FNDA:0,(anonymous_30)
FNDA:0,(anonymous_31)
FNDA:0,(anonymous_32)
FNDA:0,(anonymous_33)
FNDA:0,(anonymous_34)
FNDA:0,(anonymous_35)
FNDA:0,(anonymous_36)
FNDA:0,(anonymous_37)
FNDA:0,(anonymous_38)
FNDA:0,(anonymous_39)
FNDA:0,(anonymous_40)
FNDA:0,(anonymous_41)
FNDA:0,(anonymous_42)
DA:14,0
DA:17,0
DA:19,0
DA:20,0
DA:21,0
DA:29,0
DA:33,0
DA:34,0
DA:38,0
DA:39,0
DA:40,0
DA:46,0
DA:47,0
DA:48,0
DA:52,0
DA:54,0
DA:55,0
DA:59,0
DA:61,0
DA:66,0
DA:67,0
DA:70,0
DA:71,0
DA:72,0
DA:73,0
DA:74,0
DA:75,0
DA:76,0
DA:77,0
DA:78,0
DA:79,0
DA:82,0
DA:84,0
DA:85,0
DA:90,0
DA:91,0
DA:92,0
DA:93,0
DA:94,0
DA:95,0
DA:99,0
DA:100,0
DA:103,0
DA:115,0
DA:116,0
DA:117,0
DA:120,0
DA:121,0
DA:125,0
DA:128,0
DA:129,0
DA:130,0
DA:133,0
DA:134,0
DA:135,0
DA:136,0
DA:137,0
DA:139,0
DA:140,0
DA:141,0
DA:142,0
DA:144,0
DA:145,0
DA:146,0
DA:147,0
DA:149,0
DA:151,0
DA:152,0
DA:153,0
DA:155,0
DA:157,0
DA:158,0
DA:161,0
DA:163,0
DA:164,0
DA:166,0
DA:167,0
DA:171,0
DA:173,0
DA:174,0
DA:178,0
DA:179,0
DA:184,0
DA:185,0
DA:188,0
DA:191,0
DA:196,0
DA:198,0
DA:199,0
DA:206,0
DA:210,0
DA:215,0
DA:216,0
DA:218,0
DA:219,0
DA:220,0
DA:221,0
DA:222,0
DA:223,0
DA:224,0
DA:228,0
DA:230,0
DA:231,0
DA:232,0
DA:233,0
DA:238,0
DA:239,0
DA:240,0
DA:243,0
DA:244,0
DA:247,0
DA:253,0
DA:254,0
DA:255,0
DA:257,0
DA:267,0
LF:116
LH:0
BRDA:20,0,0,0
BRDA:20,0,1,0
BRDA:46,1,0,0
BRDA:46,1,1,0
BRDA:52,2,0,0
BRDA:52,2,1,0
BRDA:52,3,0,0
BRDA:52,3,1,0
BRDA:59,4,0,0
BRDA:59,4,1,0
BRDA:74,5,0,0
BRDA:74,5,1,0
BRDA:74,6,0,0
BRDA:74,6,1,0
BRDA:78,7,0,0
BRDA:78,7,1,0
BRDA:121,8,0,0
BRDA:121,8,1,0
BRDA:129,9,0,0
BRDA:129,9,1,0
BRDA:136,10,0,0
BRDA:136,10,1,0
BRDA:139,11,0,0
BRDA:139,11,1,0
BRDA:145,12,0,0
BRDA:145,12,1,0
BRDA:146,13,0,0
BRDA:146,13,1,0
BRDA:157,14,0,0
BRDA:157,14,1,0
BRDA:164,15,0,0
BRDA:164,15,1,0
BRDA:167,16,0,0
BRDA:167,16,1,0
BRDA:194,17,0,0
BRDA:194,17,1,0
BRDA:194,18,0,0
BRDA:194,18,1,0
BRDA:194,19,0,0
BRDA:194,19,1,0
BRDA:196,20,0,0
BRDA:196,20,1,0
BRDA:196,21,0,0
BRDA:196,21,1,0
BRDA:216,22,0,0
BRDA:216,22,1,0
BRDA:267,23,0,0
BRDA:267,23,1,0
BRF:48
BRH:0
end_of_record
TN:
SF:src/components/MarkdownEditor.tsx
FN:68,(anonymous_0)
FN:84,(anonymous_1)
FN:88,(anonymous_2)
FN:93,(anonymous_3)
FN:97,(anonymous_4)
FN:106,(anonymous_5)
FN:113,(anonymous_6)
FN:147,(anonymous_7)
FN:151,(anonymous_8)
FN:188,(anonymous_9)
FN:195,(anonymous_10)
FN:201,(anonymous_11)
FN:215,(anonymous_12)
FN:218,(anonymous_13)
FN:221,(anonymous_14)
FN:234,(anonymous_15)
FN:238,(anonymous_16)
FN:239,(anonymous_17)
FN:262,(anonymous_18)
FN:263,(anonymous_19)
FN:308,(anonymous_20)
FN:309,(anonymous_21)
FN:325,(anonymous_22)
FN:332,(anonymous_23)
FN:339,(anonymous_24)
FN:342,(anonymous_25)
FN:367,(anonymous_26)
FN:371,(anonymous_27)
FN:395,(anonymous_28)
FN:398,(anonymous_29)
FN:417,(anonymous_30)
FN:449,(anonymous_31)
FN:452,(anonymous_32)
FN:467,(anonymous_33)
FN:478,(anonymous_34)
FN:480,(anonymous_35)
FN:484,(anonymous_36)
FN:501,(anonymous_37)
FN:501,(anonymous_38)
FN:503,(anonymous_39)
FN:507,(anonymous_40)
FN:507,(anonymous_41)
FN:510,(anonymous_42)
FN:510,(anonymous_43)
FN:513,(anonymous_44)
FN:513,(anonymous_45)
FN:516,(anonymous_46)
FN:516,(anonymous_47)
FN:533,(anonymous_48)
FN:533,(anonymous_49)
FN:535,(anonymous_50)
FN:539,(anonymous_51)
FN:543,(anonymous_52)
FN:543,(anonymous_53)
FN:546,(anonymous_54)
FN:546,(anonymous_55)
FN:550,(anonymous_56)
FN:553,(anonymous_57)
FN:553,(anonymous_58)
FN:556,(anonymous_59)
FN:556,(anonymous_60)
FN:556,(anonymous_61)
FN:557,(anonymous_62)
FN:557,(anonymous_63)
FN:560,(anonymous_64)
FN:560,(anonymous_65)
FN:563,(anonymous_66)
FN:563,(anonymous_67)
FN:566,(anonymous_68)
FN:566,(anonymous_69)
FN:570,(anonymous_70)
FN:573,(anonymous_71)
FN:576,(anonymous_72)
FN:576,(anonymous_73)
FN:579,(anonymous_74)
FN:579,(anonymous_75)
FN:579,(anonymous_76)
FN:580,(anonymous_77)
FN:584,(anonymous_78)
FN:584,(anonymous_79)
FN:587,(anonymous_80)
FN:587,(anonymous_81)
FN:590,(anonymous_82)
FN:590,(anonymous_83)
FN:593,(anonymous_84)
FN:593,(anonymous_85)
FN:597,(anonymous_86)
FN:597,(anonymous_87)
FN:600,(anonymous_88)
FN:604,(anonymous_89)
FN:618,(anonymous_90)
FN:622,(anonymous_91)
FN:631,(anonymous_92)
FN:638,(anonymous_93)
FN:638,(anonymous_94)
FN:640,(anonymous_95)
FN:644,(anonymous_96)
FN:644,(anonymous_97)
FN:647,(anonymous_98)
FN:647,(anonymous_99)
FN:650,(anonymous_100)
FN:650,(anonymous_101)
FN:653,(anonymous_102)
FN:653,(anonymous_103)
FN:665,(anonymous_104)
FN:665,(anonymous_105)
FN:667,(anonymous_106)
FN:671,(anonymous_107)
FN:675,(anonymous_108)
FN:675,(anonymous_109)
FN:678,(anonymous_110)
FN:678,(anonymous_111)
FN:681,(anonymous_112)
FN:681,(anonymous_113)
FN:684,(anonymous_114)
FN:684,(anonymous_115)
FN:688,(anonymous_116)
FN:688,(anonymous_117)
FN:691,(anonymous_118)
FN:703,(anonymous_119)
FN:703,(anonymous_120)
FN:705,(anonymous_121)
FN:709,(anonymous_122)
FN:712,(anonymous_123)
FN:712,(anonymous_124)
FN:720,(anonymous_125)
FNF:126
FNH:53
FNDA:4,(anonymous_0)
FNDA:4,(anonymous_1)
FNDA:0,(anonymous_2)
FNDA:0,(anonymous_3)
FNDA:0,(anonymous_4)
FNDA:0,(anonymous_5)
FNDA:0,(anonymous_6)
FNDA:4,(anonymous_7)
FNDA:0,(anonymous_8)
FNDA:0,(anonymous_9)
FNDA:0,(anonymous_10)
FNDA:0,(anonymous_11)
FNDA:4,(anonymous_12)
FNDA:4,(anonymous_13)
FNDA:0,(anonymous_14)
FNDA:0,(anonymous_15)
FNDA:0,(anonymous_16)
FNDA:0,(anonymous_17)
FNDA:0,(anonymous_18)
FNDA:0,(anonymous_19)
FNDA:0,(anonymous_20)
FNDA:0,(anonymous_21)
FNDA:0,(anonymous_22)
FNDA:0,(anonymous_23)
FNDA:0,(anonymous_24)
FNDA:0,(anonymous_25)
FNDA:0,(anonymous_26)
FNDA:0,(anonymous_27)
FNDA:0,(anonymous_28)
FNDA:0,(anonymous_29)
FNDA:0,(anonymous_30)
FNDA:4,(anonymous_31)
FNDA:0,(anonymous_32)
FNDA:4,(anonymous_33)
FNDA:0,(anonymous_34)
FNDA:0,(anonymous_35)
FNDA:0,(anonymous_36)
FNDA:4,(anonymous_37)
FNDA:4,(anonymous_38)
FNDA:4,(anonymous_39)
FNDA:0,(anonymous_40)
FNDA:4,(anonymous_41)
FNDA:0,(anonymous_42)
FNDA:4,(anonymous_43)
FNDA:0,(anonymous_44)
FNDA:4,(anonymous_45)
FNDA:0,(anonymous_46)
FNDA:4,(anonymous_47)
FNDA:4,(anonymous_48)
FNDA:4,(anonymous_49)
FNDA:4,(anonymous_50)
FNDA:4,(anonymous_51)
FNDA:0,(anonymous_52)
FNDA:4,(anonymous_53)
FNDA:0,(anonymous_54)
FNDA:4,(anonymous_55)
FNDA:4,(anonymous_56)
FNDA:0,(anonymous_57)
FNDA:4,(anonymous_58)
FNDA:4,(anonymous_59)
FNDA:4,(anonymous_60)
FNDA:0,(anonymous_61)
FNDA:0,(anonymous_62)
FNDA:0,(anonymous_63)
FNDA:0,(anonymous_64)
FNDA:0,(anonymous_65)
FNDA:0,(anonymous_66)
FNDA:0,(anonymous_67)
FNDA:0,(anonymous_68)
FNDA:0,(anonymous_69)
FNDA:4,(anonymous_70)
FNDA:4,(anonymous_71)
FNDA:0,(anonymous_72)
FNDA:4,(anonymous_73)
FNDA:4,(anonymous_74)
FNDA:4,(anonymous_75)
FNDA:0,(anonymous_76)
FNDA:0,(anonymous_77)
FNDA:0,(anonymous_78)
FNDA:0,(anonymous_79)
FNDA:0,(anonymous_80)
FNDA:0,(anonymous_81)
FNDA:0,(anonymous_82)
FNDA:0,(anonymous_83)
FNDA:0,(anonymous_84)
FNDA:0,(anonymous_85)
FNDA:0,(anonymous_86)
FNDA:0,(anonymous_87)
FNDA:0,(anonymous_88)
FNDA:4,(anonymous_89)
FNDA:0,(anonymous_90)
FNDA:0,(anonymous_91)
FNDA:0,(anonymous_92)
FNDA:4,(anonymous_93)
FNDA:4,(anonymous_94)
FNDA:4,(anonymous_95)
FNDA:0,(anonymous_96)
FNDA:4,(anonymous_97)
FNDA:0,(anonymous_98)
FNDA:4,(anonymous_99)
FNDA:0,(anonymous_100)
FNDA:4,(anonymous_101)
FNDA:0,(anonymous_102)
FNDA:4,(anonymous_103)
FNDA:4,(anonymous_104)
FNDA:4,(anonymous_105)
FNDA:4,(anonymous_106)
FNDA:4,(anonymous_107)
FNDA:0,(anonymous_108)
FNDA:4,(anonymous_109)
FNDA:0,(anonymous_110)
FNDA:4,(anonymous_111)
FNDA:0,(anonymous_112)
FNDA:4,(anonymous_113)
FNDA:0,(anonymous_114)
FNDA:4,(anonymous_115)
FNDA:0,(anonymous_116)
FNDA:4,(anonymous_117)
FNDA:4,(anonymous_118)
FNDA:4,(anonymous_119)
FNDA:4,(anonymous_120)
FNDA:4,(anonymous_121)
FNDA:4,(anonymous_122)
FNDA:0,(anonymous_123)
FNDA:4,(anonymous_124)
FNDA:4,(anonymous_125)
DA:68,1
DA:70,4
DA:71,4
DA:84,4
DA:85,4
DA:87,4
DA:89,0
DA:90,0
DA:93,0
DA:98,0
DA:99,0
DA:105,0
DA:108,0
DA:109,0
DA:114,0
DA:115,0
DA:116,0
DA:117,0
DA:118,0
DA:119,0
DA:120,0
DA:148,4
DA:151,4
DA:152,0
DA:153,0
DA:155,0
DA:156,0
DA:157,0
DA:158,0
DA:159,0
DA:160,0
DA:165,0
DA:167,0
DA:168,0
DA:169,0
DA:170,0
DA:171,0
DA:172,0
DA:173,0
DA:176,0
DA:180,0
DA:181,0
DA:182,0
DA:183,0
DA:184,0
DA:188,0
DA:195,4
DA:196,0
DA:197,0
DA:198,0
DA:199,0
DA:200,0
DA:201,0
DA:202,0
DA:203,0
DA:206,0
DA:208,0
DA:209,0
DA:210,0
DA:211,0
DA:214,4
DA:215,4
DA:218,4
DA:220,4
DA:221,4
DA:222,0
DA:223,0
DA:224,0
DA:226,0
DA:227,0
DA:230,4
DA:234,4
DA:235,0
DA:238,4
DA:239,0
DA:240,0
DA:241,0
DA:242,0
DA:243,0
DA:244,0
DA:246,0
DA:247,0
DA:248,0
DA:249,0
DA:250,0
DA:254,0
DA:255,0
DA:257,0
DA:262,4
DA:263,0
DA:264,0
DA:265,0
DA:266,0
DA:267,0
DA:268,0
DA:271,0
DA:272,0
DA:273,0
DA:274,0
DA:275,0
DA:276,0
DA:281,0
DA:283,0
DA:284,0
DA:286,0
DA:308,4
DA:309,0
DA:310,0
DA:311,0
DA:312,0
DA:314,0
DA:315,0
DA:316,0
DA:317,0
DA:318,0
DA:319,0
DA:325,4
DA:326,0
DA:327,0
DA:328,0
DA:332,4
DA:333,0
DA:334,0
DA:335,0
DA:339,4
DA:340,0
DA:341,0
DA:342,0
DA:343,0
DA:344,0
DA:345,0
DA:346,0
DA:347,0
DA:348,0
DA:350,0
DA:352,0
DA:353,0
DA:354,0
DA:355,0
DA:356,0
DA:358,0
DA:360,0
DA:361,0
DA:367,4
DA:368,0
DA:371,4
DA:372,0
DA:373,0
DA:375,0
DA:380,4
DA:395,4
DA:396,0
DA:398,0
DA:399,0
DA:400,0
DA:401,0
DA:402,0
DA:403,0
DA:405,0
DA:406,0
DA:407,0
DA:408,0
DA:409,0
DA:411,0
DA:412,0
DA:415,0
DA:417,0
DA:418,0
DA:428,0
DA:429,0
DA:431,0
DA:434,0
DA:435,0
DA:436,0
DA:437,0
DA:438,0
DA:441,0
DA:443,0
DA:449,4
DA:450,4
DA:451,4
DA:452,0
DA:453,0
DA:454,0
DA:455,0
DA:456,0
DA:457,0
DA:458,0
DA:460,0
DA:461,0
DA:467,4
DA:476,4
DA:478,4
DA:480,4
DA:481,4
DA:484,4
DA:485,4
DA:493,4
DA:497,4
DA:501,4
DA:503,4
DA:507,4
DA:510,4
DA:513,4
DA:516,4
DA:525,4
DA:533,4
DA:535,4
DA:539,4
DA:540,4
DA:543,4
DA:544,4
DA:546,4
DA:547,4
DA:550,4
DA:551,4
DA:553,4
DA:554,4
DA:556,4
DA:557,0
DA:560,0
DA:563,0
DA:566,0
DA:570,4
DA:571,4
DA:573,4
DA:574,4
DA:576,4
DA:577,4
DA:579,4
DA:580,0
DA:581,0
DA:584,0
DA:585,0
DA:587,0
DA:588,0
DA:590,0
DA:591,0
DA:593,0
DA:594,0
DA:597,0
DA:598,0
DA:600,0
DA:601,0
DA:604,4
DA:605,4
DA:614,4
DA:615,4
DA:618,4
DA:619,4
DA:622,4
DA:623,4
DA:627,4
DA:628,4
DA:631,4
DA:632,4
DA:638,4
DA:640,4
DA:644,4
DA:647,4
DA:650,4
DA:653,4
DA:658,4
DA:659,4
DA:665,4
DA:667,4
DA:671,4
DA:672,4
DA:675,4
DA:676,4
DA:678,4
DA:679,4
DA:681,4
DA:682,4
DA:684,4
DA:685,4
DA:688,4
DA:689,4
DA:691,4
DA:692,4
DA:696,4
DA:697,4
DA:703,4
DA:705,4
DA:709,4
DA:710,4
DA:712,4
DA:713,4
DA:720,4
DA:726,1
LF:290
LH:111
BRDA:85,0,0,0
BRDA:85,0,1,4
BRDA:108,1,0,0
BRDA:108,1,1,0
BRDA:115,2,0,0
BRDA:115,2,1,0
BRDA:115,3,0,0
BRDA:115,3,1,0
BRDA:119,4,0,0
BRDA:119,4,1,0
BRDA:119,5,0,0
BRDA:119,5,1,0
BRDA:153,6,0,0
BRDA:153,6,1,0
BRDA:155,7,0,0
BRDA:155,7,1,0
BRDA:158,8,0,0
BRDA:158,8,1,0
BRDA:165,9,0,0
BRDA:165,9,1,0
BRDA:169,10,0,0
BRDA:169,10,1,0
BRDA:196,11,0,0
BRDA:196,11,1,0
BRDA:197,12,0,0
BRDA:197,12,1,0
BRDA:198,13,0,0
BRDA:198,13,1,0
BRDA:203,14,0,0
BRDA:203,14,1,0
BRDA:208,15,0,0
BRDA:208,15,1,0
BRDA:220,16,0,4
BRDA:220,16,1,0
BRDA:223,17,0,0
BRDA:223,17,1,0
BRDA:248,18,0,0
BRDA:248,18,1,0
BRDA:254,19,0,0
BRDA:254,19,1,0
BRDA:274,20,0,0
BRDA:274,20,1,0
BRDA:281,21,0,0
BRDA:281,21,1,0
BRDA:283,22,0,0
BRDA:283,22,1,0
BRDA:315,23,0,0
BRDA:315,23,1,0
BRDA:327,24,0,0
BRDA:327,24,1,0
BRDA:334,25,0,0
BRDA:334,25,1,0
BRDA:341,26,0,0
BRDA:341,26,1,0
BRDA:347,27,0,0
BRDA:347,27,1,0
BRDA:353,28,0,0
BRDA:353,28,1,0
BRDA:355,29,0,0
BRDA:355,29,1,0
BRDA:372,30,0,0
BRDA:372,30,1,0
BRDA:380,31,0,0
BRDA:380,31,1,4
BRDA:380,32,0,4
BRDA:380,32,1,4
BRDA:396,33,0,0
BRDA:396,33,1,0
BRDA:396,34,0,0
BRDA:396,34,1,0
BRDA:400,35,0,0
BRDA:400,35,1,0
BRDA:408,36,0,0
BRDA:408,36,1,0
BRDA:409,37,0,0
BRDA:409,37,1,0
BRDA:418,38,0,0
BRDA:418,38,1,0
BRDA:428,39,0,0
BRDA:428,39,1,0
BRDA:434,40,0,0
BRDA:434,40,1,0
BRDA:438,41,0,0
BRDA:438,41,1,0
BRDA:451,42,0,0
BRDA:451,42,1,4
BRDA:451,43,0,4
BRDA:451,43,1,0
BRDA:454,44,0,0
BRDA:454,44,1,0
BRDA:455,45,0,0
BRDA:455,45,1,0
BRDA:457,46,0,0
BRDA:457,46,1,0
BRDA:720,47,0,0
BRDA:720,47,1,4
BRDA:473,48,0,4
BRDA:473,48,1,0
BRDA:473,49,0,4
BRDA:473,49,1,0
BRDA:726,50,0,1
BRDA:726,50,1,0
BRF:102
BRH:11
end_of_record
TN:
SF:src/components/Notebook.tsx
FN:16,(anonymous_0)
FN:17,(anonymous_1)
FN:18,(anonymous_2)
FN:75,(anonymous_3)
FN:77,(anonymous_4)
FN:83,(anonymous_5)
FN:95,(anonymous_6)
FN:95,(anonymous_7)
FN:98,(anonymous_8)
FN:99,(anonymous_9)
FN:99,(anonymous_10)
FN:99,(anonymous_11)
FN:105,(anonymous_12)
FN:105,(anonymous_13)
FN:108,(anonymous_14)
FN:109,(anonymous_15)
FN:109,(anonymous_16)
FN:109,(anonymous_17)
FN:115,(anonymous_18)
FN:115,(anonymous_19)
FN:118,(anonymous_20)
FN:119,(anonymous_21)
FN:119,(anonymous_22)
FN:119,(anonymous_23)
FN:130,(anonymous_24)
FN:133,(anonymous_25)
FN:147,(anonymous_26)
FN:151,(anonymous_27)
FN:153,(anonymous_28)
FN:157,(anonymous_29)
FN:164,(anonymous_30)
FN:164,(anonymous_31)
FN:164,(anonymous_32)
FN:181,(anonymous_33)
FN:189,(anonymous_34)
FN:193,(anonymous_35)
FN:198,(anonymous_36)
FN:215,(anonymous_37)
FN:230,(anonymous_38)
FN:241,(anonymous_39)
FN:273,(anonymous_40)
FN:278,(anonymous_41)
FN:283,(anonymous_42)
FN:288,(anonymous_43)
FN:297,(anonymous_44)
FN:339,(anonymous_45)
FN:368,(anonymous_46)
FN:373,(anonymous_47)
FN:389,(anonymous_48)
FN:400,(anonymous_49)
FN:409,(anonymous_50)
FN:413,(anonymous_51)
FN:414,(anonymous_52)
FN:428,(anonymous_53)
FN:435,(anonymous_54)
FN:443,(anonymous_55)
FN:447,(anonymous_56)
FN:458,(anonymous_57)
FN:459,(anonymous_58)
FN:474,(anonymous_59)
FN:480,(anonymous_60)
FN:486,(anonymous_61)
FN:493,(anonymous_62)
FN:499,(anonymous_63)
FN:506,(anonymous_64)
FN:509,(anonymous_65)
FN:515,(anonymous_66)
FN:518,(anonymous_67)
FN:522,(anonymous_68)
FN:525,(anonymous_69)
FN:536,(anonymous_70)
FN:539,(anonymous_71)
FN:549,(anonymous_72)
FN:560,(anonymous_73)
FN:573,(anonymous_74)
FN:574,(anonymous_75)
FN:577,(anonymous_76)
FN:578,(anonymous_77)
FN:757,(anonymous_78)
FN:765,autosaveNotebookImmediate
FN:779,(anonymous_80)
FN:803,autosaveNotebook
FN:807,(anonymous_82)
FN:814,(anonymous_83)
FN:817,restoreNotebook
FN:824,(anonymous_85)
FN:874,(anonymous_86)
FN:891,(anonymous_87)
FN:1013,(anonymous_88)
FN:1018,(anonymous_89)
FN:1034,(anonymous_90)
FN:1042,(anonymous_91)
FN:1045,(anonymous_92)
FN:1046,(anonymous_93)
FN:1051,(anonymous_94)
FN:1052,(anonymous_95)
FN:1058,(anonymous_96)
FN:1061,(anonymous_97)
FN:1069,(anonymous_98)
FN:1073,(anonymous_99)
FN:1074,(anonymous_100)
FN:1082,(anonymous_101)
FN:1084,(anonymous_102)
FN:1089,(anonymous_103)
FN:1095,(anonymous_104)
FN:1141,(anonymous_105)
FN:1156,(anonymous_106)
FN:1167,(anonymous_107)
FN:1193,(anonymous_108)
FN:1218,(anonymous_109)
FN:1230,(anonymous_110)
FN:1238,(anonymous_111)
FN:1242,(anonymous_112)
FN:1281,(anonymous_113)
FN:1406,(anonymous_114)
FN:1431,(anonymous_115)
FN:1436,(anonymous_116)
FN:1444,(anonymous_117)
FN:1449,(anonymous_118)
FN:1460,(anonymous_119)
FN:1459,(anonymous_120)
FN:1468,(anonymous_121)
FN:1468,(anonymous_122)
FN:1470,(anonymous_123)
FN:1474,(anonymous_124)
FN:1477,(anonymous_125)
FN:1480,(anonymous_126)
FN:1483,(anonymous_127)
FN:1486,(anonymous_128)
FN:1489,(anonymous_129)
FN:1494,(anonymous_130)
FN:1494,(anonymous_131)
FN:1499,(anonymous_132)
FN:1499,(anonymous_133)
FN:1502,(anonymous_134)
FN:1502,(anonymous_135)
FN:1505,(anonymous_136)
FN:1505,(anonymous_137)
FN:1508,(anonymous_138)
FN:1512,(anonymous_139)
FN:1515,(anonymous_140)
FN:1515,(anonymous_141)
FN:1521,(anonymous_142)
FN:1521,(anonymous_143)
FN:1523,(anonymous_144)
FN:1529,(anonymous_145)
FN:1530,(anonymous_146)
FN:1536,(anonymous_147)
FN:1536,(anonymous_148)
FN:1537,(anonymous_149)
FN:1540,(anonymous_150)
FN:1546,(anonymous_151)
FN:1547,(anonymous_152)
FN:1557,(anonymous_153)
FN:1558,(anonymous_154)
FN:1563,(anonymous_155)
FN:1564,(anonymous_156)
FN:1564,(anonymous_157)
FN:1565,(anonymous_158)
FN:1571,(anonymous_159)
FN:1572,(anonymous_160)
FN:1580,(anonymous_161)
FN:1580,(anonymous_162)
FN:1586,(anonymous_163)
FN:1586,(anonymous_164)
FN:1592,(anonymous_165)
FN:1592,(anonymous_166)
FN:1598,(anonymous_167)
FN:1598,(anonymous_168)
FN:1608,(anonymous_169)
FN:1608,(anonymous_170)
FN:1611,(anonymous_171)
FN:1611,(anonymous_172)
FN:1618,(anonymous_173)
FN:1619,(anonymous_174)
FN:1622,(anonymous_175)
FN:1630,(anonymous_176)
FN:1631,(anonymous_177)
FN:1634,(anonymous_178)
FN:1670,(anonymous_179)
FN:1670,(anonymous_180)
FN:1675,(anonymous_181)
FN:1679,(anonymous_182)
FN:1682,(anonymous_183)
FN:1685,(anonymous_184)
FN:1688,(anonymous_185)
FN:1691,(anonymous_186)
FN:1694,(anonymous_187)
FN:1701,(anonymous_188)
FN:1701,(anonymous_189)
FN:1708,(anonymous_190)
FN:1708,(anonymous_191)
FN:1714,(anonymous_192)
FN:1714,(anonymous_193)
FN:1720,(anonymous_194)
FN:1720,(anonymous_195)
FN:1726,(anonymous_196)
FN:1726,(anonymous_197)
FN:1736,(anonymous_198)
FN:1736,(anonymous_199)
FN:1739,(anonymous_200)
FN:1739,(anonymous_201)
FN:1742,(anonymous_202)
FN:1742,(anonymous_203)
FN:1745,(anonymous_204)
FN:1749,(anonymous_205)
FN:1752,(anonymous_206)
FN:1752,(anonymous_207)
FN:1759,(anonymous_208)
FN:1759,(anonymous_209)
FN:1764,(anonymous_210)
FN:1769,(anonymous_211)
FN:1769,(anonymous_212)
FN:1775,(anonymous_213)
FN:1775,(anonymous_214)
FN:1783,(anonymous_215)
FN:1784,(anonymous_216)
FN:1787,(anonymous_217)
FN:1792,(anonymous_218)
FN:1795,(anonymous_219)
FN:1796,(anonymous_220)
FN:1799,(anonymous_221)
FN:1804,(anonymous_222)
FN:1814,(anonymous_223)
FN:1815,(anonymous_224)
FN:1821,(anonymous_225)
FN:1821,(anonymous_226)
FN:1822,(anonymous_227)
FN:1825,(anonymous_228)
FN:1831,(anonymous_229)
FN:1832,(anonymous_230)
FN:1841,(anonymous_231)
FN:1842,(anonymous_232)
FN:1847,(anonymous_233)
FN:1848,(anonymous_234)
FN:1848,(anonymous_235)
FN:1849,(anonymous_236)
FN:1855,(anonymous_237)
FN:1856,(anonymous_238)
FN:1863,(anonymous_239)
FN:1863,(anonymous_240)
FN:1866,(anonymous_241)
FN:1866,(anonymous_242)
FN:1872,(anonymous_243)
FN:1892,(anonymous_244)
FN:1895,(anonymous_245)
FN:1895,(anonymous_246)
FN:1897,(anonymous_247)
FN:1898,(anonymous_248)
FN:1899,(anonymous_249)
FN:1899,(anonymous_250)
FN:1899,(anonymous_251)
FN:1900,(anonymous_252)
FN:1901,(anonymous_253)
FN:1902,(anonymous_254)
FN:1903,(anonymous_255)
FN:1906,(anonymous_256)
FN:1907,(anonymous_257)
FN:1907,(anonymous_258)
FN:1907,(anonymous_259)
FN:1907,(anonymous_260)
FN:1907,(anonymous_261)
FN:1911,(anonymous_262)
FN:1912,(anonymous_263)
FN:1913,(anonymous_264)
FN:1916,(anonymous_265)
FN:1917,(anonymous_266)
FN:1932,(anonymous_267)
FN:1933,(anonymous_268)
FN:1933,(anonymous_269)
FN:1938,(anonymous_270)
FN:1938,(anonymous_271)
FN:1938,(anonymous_272)
FN:1942,(anonymous_273)
FN:1942,(anonymous_274)
FN:1942,(anonymous_275)
FN:1946,(anonymous_276)
FN:1945,(anonymous_277)
FN:1948,(anonymous_278)
FN:1952,(anonymous_279)
FN:1961,(anonymous_280)
FN:1961,(anonymous_281)
FN:1964,(anonymous_282)
FN:1972,(anonymous_283)
FN:1972,(anonymous_284)
FN:1980,(anonymous_285)
FN:1980,(anonymous_286)
FN:1981,(anonymous_287)
FN:1982,(anonymous_288)
FN:1985,(anonymous_289)
FN:1994,(anonymous_290)
FN:1995,(anonymous_291)
FN:1995,(anonymous_292)
FN:1995,(anonymous_293)
FN:2003,(anonymous_294)
FN:2004,(anonymous_295)
FN:2004,(anonymous_296)
FN:2004,(anonymous_297)
FN:2012,(anonymous_298)
FN:2013,(anonymous_299)
FN:2013,(anonymous_300)
FN:2013,(anonymous_301)
FN:2027,(anonymous_302)
FN:2027,(anonymous_303)
FN:2027,(anonymous_304)
FN:2029,(anonymous_305)
FN:2030,(anonymous_306)
FN:2030,(anonymous_307)
FN:2030,(anonymous_308)
FN:2031,(anonymous_309)
FN:2036,(anonymous_310)
FN:2036,(anonymous_311)
FN:2037,(anonymous_312)
FN:2041,(anonymous_313)
FN:2041,(anonymous_314)
FN:2043,(anonymous_315)
FN:2044,(anonymous_316)
FN:2045,(anonymous_317)
FN:2053,(anonymous_318)
FN:2053,(anonymous_319)
FN:2055,(anonymous_320)
FN:2057,(anonymous_321)
FN:2070,(anonymous_322)
FNF:323
FNH:0
FNDA:0,(anonymous_0)
FNDA:0,(anonymous_1)
FNDA:0,(anonymous_2)
FNDA:0,(anonymous_3)
FNDA:0,(anonymous_4)
FNDA:0,(anonymous_5)
FNDA:0,(anonymous_6)
FNDA:0,(anonymous_7)
FNDA:0,(anonymous_8)
FNDA:0,(anonymous_9)
FNDA:0,(anonymous_10)
FNDA:0,(anonymous_11)
FNDA:0,(anonymous_12)
FNDA:0,(anonymous_13)
FNDA:0,(anonymous_14)
FNDA:0,(anonymous_15)
FNDA:0,(anonymous_16)
FNDA:0,(anonymous_17)
FNDA:0,(anonymous_18)
FNDA:0,(anonymous_19)
FNDA:0,(anonymous_20)
FNDA:0,(anonymous_21)
FNDA:0,(anonymous_22)
FNDA:0,(anonymous_23)
FNDA:0,(anonymous_24)
FNDA:0,(anonymous_25)
FNDA:0,(anonymous_26)
FNDA:0,(anonymous_27)
FNDA:0,(anonymous_28)
FNDA:0,(anonymous_29)
FNDA:0,(anonymous_30)
FNDA:0,(anonymous_31)
FNDA:0,(anonymous_32)
FNDA:0,(anonymous_33)
FNDA:0,(anonymous_34)
FNDA:0,(anonymous_35)
FNDA:0,(anonymous_36)
FNDA:0,(anonymous_37)
FNDA:0,(anonymous_38)
FNDA:0,(anonymous_39)
FNDA:0,(anonymous_40)
FNDA:0,(anonymous_41)
FNDA:0,(anonymous_42)
FNDA:0,(anonymous_43)
FNDA:0,(anonymous_44)
FNDA:0,(anonymous_45)
FNDA:0,(anonymous_46)
FNDA:0,(anonymous_47)
FNDA:0,(anonymous_48)
FNDA:0,(anonymous_49)
FNDA:0,(anonymous_50)
FNDA:0,(anonymous_51)
FNDA:0,(anonymous_52)
FNDA:0,(anonymous_53)
FNDA:0,(anonymous_54)
FNDA:0,(anonymous_55)
FNDA:0,(anonymous_56)
FNDA:0,(anonymous_57)
FNDA:0,(anonymous_58)
FNDA:0,(anonymous_59)
FNDA:0,(anonymous_60)
FNDA:0,(anonymous_61)
FNDA:0,(anonymous_62)
FNDA:0,(anonymous_63)
FNDA:0,(anonymous_64)
FNDA:0,(anonymous_65)
FNDA:0,(anonymous_66)
FNDA:0,(anonymous_67)
FNDA:0,(anonymous_68)
FNDA:0,(anonymous_69)
FNDA:0,(anonymous_70)
FNDA:0,(anonymous_71)
FNDA:0,(anonymous_72)
FNDA:0,(anonymous_73)
FNDA:0,(anonymous_74)
FNDA:0,(anonymous_75)
FNDA:0,(anonymous_76)
FNDA:0,(anonymous_77)
FNDA:0,(anonymous_78)
FNDA:0,autosaveNotebookImmediate
FNDA:0,(anonymous_80)
FNDA:0,autosaveNotebook
FNDA:0,(anonymous_82)
FNDA:0,(anonymous_83)
FNDA:0,restoreNotebook
FNDA:0,(anonymous_85)
FNDA:0,(anonymous_86)
FNDA:0,(anonymous_87)
FNDA:0,(anonymous_88)
FNDA:0,(anonymous_89)
FNDA:0,(anonymous_90)
FNDA:0,(anonymous_91)
FNDA:0,(anonymous_92)
FNDA:0,(anonymous_93)
FNDA:0,(anonymous_94)
FNDA:0,(anonymous_95)
FNDA:0,(anonymous_96)
FNDA:0,(anonymous_97)
FNDA:0,(anonymous_98)
FNDA:0,(anonymous_99)
FNDA:0,(anonymous_100)
FNDA:0,(anonymous_101)
FNDA:0,(anonymous_102)
FNDA:0,(anonymous_103)
FNDA:0,(anonymous_104)
FNDA:0,(anonymous_105)
FNDA:0,(anonymous_106)
FNDA:0,(anonymous_107)
FNDA:0,(anonymous_108)
FNDA:0,(anonymous_109)
FNDA:0,(anonymous_110)
FNDA:0,(anonymous_111)
FNDA:0,(anonymous_112)
FNDA:0,(anonymous_113)
FNDA:0,(anonymous_114)
FNDA:0,(anonymous_115)
FNDA:0,(anonymous_116)
FNDA:0,(anonymous_117)
FNDA:0,(anonymous_118)
FNDA:0,(anonymous_119)
FNDA:0,(anonymous_120)
FNDA:0,(anonymous_121)
FNDA:0,(anonymous_122)
FNDA:0,(anonymous_123)
FNDA:0,(anonymous_124)
FNDA:0,(anonymous_125)
FNDA:0,(anonymous_126)
FNDA:0,(anonymous_127)
FNDA:0,(anonymous_128)
FNDA:0,(anonymous_129)
FNDA:0,(anonymous_130)
FNDA:0,(anonymous_131)
FNDA:0,(anonymous_132)
FNDA:0,(anonymous_133)
FNDA:0,(anonymous_134)
FNDA:0,(anonymous_135)
FNDA:0,(anonymous_136)
FNDA:0,(anonymous_137)
FNDA:0,(anonymous_138)
FNDA:0,(anonymous_139)
FNDA:0,(anonymous_140)
FNDA:0,(anonymous_141)
FNDA:0,(anonymous_142)
FNDA:0,(anonymous_143)
FNDA:0,(anonymous_144)
FNDA:0,(anonymous_145)
FNDA:0,(anonymous_146)
FNDA:0,(anonymous_147)
FNDA:0,(anonymous_148)
FNDA:0,(anonymous_149)
FNDA:0,(anonymous_150)
FNDA:0,(anonymous_151)
FNDA:0,(anonymous_152)
FNDA:0,(anonymous_153)
FNDA:0,(anonymous_154)
FNDA:0,(anonymous_155)
FNDA:0,(anonymous_156)
FNDA:0,(anonymous_157)
FNDA:0,(anonymous_158)
FNDA:0,(anonymous_159)
FNDA:0,(anonymous_160)
FNDA:0,(anonymous_161)
FNDA:0,(anonymous_162)
FNDA:0,(anonymous_163)
FNDA:0,(anonymous_164)
FNDA:0,(anonymous_165)
FNDA:0,(anonymous_166)
FNDA:0,(anonymous_167)
FNDA:0,(anonymous_168)
FNDA:0,(anonymous_169)
FNDA:0,(anonymous_170)
FNDA:0,(anonymous_171)
FNDA:0,(anonymous_172)
FNDA:0,(anonymous_173)
FNDA:0,(anonymous_174)
FNDA:0,(anonymous_175)
FNDA:0,(anonymous_176)
FNDA:0,(anonymous_177)
FNDA:0,(anonymous_178)
FNDA:0,(anonymous_179)
FNDA:0,(anonymous_180)
FNDA:0,(anonymous_181)
FNDA:0,(anonymous_182)
FNDA:0,(anonymous_183)
FNDA:0,(anonymous_184)
FNDA:0,(anonymous_185)
FNDA:0,(anonymous_186)
FNDA:0,(anonymous_187)
FNDA:0,(anonymous_188)
FNDA:0,(anonymous_189)
FNDA:0,(anonymous_190)
FNDA:0,(anonymous_191)
FNDA:0,(anonymous_192)
FNDA:0,(anonymous_193)
FNDA:0,(anonymous_194)
FNDA:0,(anonymous_195)
FNDA:0,(anonymous_196)
FNDA:0,(anonymous_197)
FNDA:0,(anonymous_198)
FNDA:0,(anonymous_199)
FNDA:0,(anonymous_200)
FNDA:0,(anonymous_201)
FNDA:0,(anonymous_202)
FNDA:0,(anonymous_203)
FNDA:0,(anonymous_204)
FNDA:0,(anonymous_205)
FNDA:0,(anonymous_206)
FNDA:0,(anonymous_207)
FNDA:0,(anonymous_208)
FNDA:0,(anonymous_209)
FNDA:0,(anonymous_210)
FNDA:0,(anonymous_211)
FNDA:0,(anonymous_212)
FNDA:0,(anonymous_213)
FNDA:0,(anonymous_214)
FNDA:0,(anonymous_215)
FNDA:0,(anonymous_216)
FNDA:0,(anonymous_217)
FNDA:0,(anonymous_218)
FNDA:0,(anonymous_219)
FNDA:0,(anonymous_220)
FNDA:0,(anonymous_221)
FNDA:0,(anonymous_222)
FNDA:0,(anonymous_223)
FNDA:0,(anonymous_224)
FNDA:0,(anonymous_225)
FNDA:0,(anonymous_226)
FNDA:0,(anonymous_227)
FNDA:0,(anonymous_228)
FNDA:0,(anonymous_229)
FNDA:0,(anonymous_230)
FNDA:0,(anonymous_231)
FNDA:0,(anonymous_232)
FNDA:0,(anonymous_233)
FNDA:0,(anonymous_234)
FNDA:0,(anonymous_235)
FNDA:0,(anonymous_236)
FNDA:0,(anonymous_237)
FNDA:0,(anonymous_238)
FNDA:0,(anonymous_239)
FNDA:0,(anonymous_240)
FNDA:0,(anonymous_241)
FNDA:0,(anonymous_242)
FNDA:0,(anonymous_243)
FNDA:0,(anonymous_244)
FNDA:0,(anonymous_245)
FNDA:0,(anonymous_246)
FNDA:0,(anonymous_247)
FNDA:0,(anonymous_248)
FNDA:0,(anonymous_249)
FNDA:0,(anonymous_250)
FNDA:0,(anonymous_251)
FNDA:0,(anonymous_252)
FNDA:0,(anonymous_253)
FNDA:0,(anonymous_254)
FNDA:0,(anonymous_255)
FNDA:0,(anonymous_256)
FNDA:0,(anonymous_257)
FNDA:0,(anonymous_258)
FNDA:0,(anonymous_259)
FNDA:0,(anonymous_260)
FNDA:0,(anonymous_261)
FNDA:0,(anonymous_262)
FNDA:0,(anonymous_263)
FNDA:0,(anonymous_264)
FNDA:0,(anonymous_265)
FNDA:0,(anonymous_266)
FNDA:0,(anonymous_267)
FNDA:0,(anonymous_268)
FNDA:0,(anonymous_269)
FNDA:0,(anonymous_270)
FNDA:0,(anonymous_271)
FNDA:0,(anonymous_272)
FNDA:0,(anonymous_273)
FNDA:0,(anonymous_274)
FNDA:0,(anonymous_275)
FNDA:0,(anonymous_276)
FNDA:0,(anonymous_277)
FNDA:0,(anonymous_278)
FNDA:0,(anonymous_279)
FNDA:0,(anonymous_280)
FNDA:0,(anonymous_281)
FNDA:0,(anonymous_282)
FNDA:0,(anonymous_283)
FNDA:0,(anonymous_284)
FNDA:0,(anonymous_285)
FNDA:0,(anonymous_286)
FNDA:0,(anonymous_287)
FNDA:0,(anonymous_288)
FNDA:0,(anonymous_289)
FNDA:0,(anonymous_290)
FNDA:0,(anonymous_291)
FNDA:0,(anonymous_292)
FNDA:0,(anonymous_293)
FNDA:0,(anonymous_294)
FNDA:0,(anonymous_295)
FNDA:0,(anonymous_296)
FNDA:0,(anonymous_297)
FNDA:0,(anonymous_298)
FNDA:0,(anonymous_299)
FNDA:0,(anonymous_300)
FNDA:0,(anonymous_301)
FNDA:0,(anonymous_302)
FNDA:0,(anonymous_303)
FNDA:0,(anonymous_304)
FNDA:0,(anonymous_305)
FNDA:0,(anonymous_306)
FNDA:0,(anonymous_307)
FNDA:0,(anonymous_308)
FNDA:0,(anonymous_309)
FNDA:0,(anonymous_310)
FNDA:0,(anonymous_311)
FNDA:0,(anonymous_312)
FNDA:0,(anonymous_313)
FNDA:0,(anonymous_314)
FNDA:0,(anonymous_315)
FNDA:0,(anonymous_316)
FNDA:0,(anonymous_317)
FNDA:0,(anonymous_318)
FNDA:0,(anonymous_319)
FNDA:0,(anonymous_320)
FNDA:0,(anonymous_321)
FNDA:0,(anonymous_322)
DA:16,0
DA:17,0
DA:18,0
DA:21,0
DA:75,0
DA:77,0
DA:78,0
DA:79,0
DA:80,0
DA:83,0
DA:86,0
DA:90,0
DA:95,0
DA:98,0
DA:99,0
DA:105,0
DA:108,0
DA:109,0
DA:115,0
DA:118,0
DA:119,0
DA:130,0
DA:131,0
DA:133,0
DA:134,0
DA:135,0
DA:136,0
DA:137,0
DA:139,0
DA:143,0
DA:147,0
DA:148,0
DA:149,0
DA:151,0
DA:152,0
DA:153,0
DA:154,0
DA:156,0
DA:157,0
DA:158,0
DA:163,0
DA:164,0
DA:170,0
DA:171,0
DA:181,0
DA:182,0
DA:183,0
DA:184,0
DA:185,0
DA:186,0
DA:187,0
DA:189,0
DA:190,0
DA:193,0
DA:195,0
DA:198,0
DA:199,0
DA:202,0
DA:203,0
DA:204,0
DA:207,0
DA:212,0
DA:215,0
DA:216,0
DA:217,0
DA:218,0
DA:219,0
DA:221,0
DA:222,0
DA:223,0
DA:224,0
DA:225,0
DA:230,0
DA:231,0
DA:232,0
DA:233,0
DA:234,0
DA:238,0
DA:241,0
DA:243,0
DA:244,0
DA:245,0
DA:247,0
DA:248,0
DA:249,0
DA:250,0
DA:251,0
DA:252,0
DA:256,0
DA:257,0
DA:259,0
DA:262,0
DA:267,0
DA:273,0
DA:275,0
DA:276,0
DA:277,0
DA:278,0
DA:279,0
DA:283,0
DA:284,0
DA:288,0
DA:290,0
DA:294,0
DA:297,0
DA:298,0
DA:301,0
DA:302,0
DA:303,0
DA:304,0
DA:306,0
DA:309,0
DA:310,0
DA:311,0
DA:312,0
DA:313,0
DA:314,0
DA:315,0
DA:316,0
DA:317,0
DA:324,0
DA:325,0
DA:326,0
DA:327,0
DA:328,0
DA:334,0
DA:335,0
DA:339,0
DA:340,0
DA:342,0
DA:343,0
DA:344,0
DA:347,0
DA:350,0
DA:351,0
DA:352,0
DA:353,0
DA:358,0
DA:361,0
DA:362,0
DA:363,0
DA:368,0
DA:371,0
DA:373,0
DA:375,0
DA:376,0
DA:377,0
DA:378,0
DA:379,0
DA:382,0
DA:389,0
DA:390,0
DA:392,0
DA:393,0
DA:396,0
DA:400,0
DA:401,0
DA:403,0
DA:407,0
DA:409,0
DA:412,0
DA:414,0
DA:415,0
DA:419,0
DA:424,0
DA:428,0
DA:429,0
DA:430,0
DA:435,0
DA:436,0
DA:437,0
DA:438,0
DA:443,0
DA:444,0
DA:445,0
DA:447,0
DA:448,0
DA:449,0
DA:450,0
DA:453,0
DA:454,0
DA:458,0
DA:459,0
DA:462,0
DA:463,0
DA:469,0
DA:470,0
DA:474,0
DA:475,0
DA:476,0
DA:480,0
DA:481,0
DA:482,0
DA:486,0
DA:487,0
DA:488,0
DA:489,0
DA:490,0
DA:491,0
DA:493,0
DA:494,0
DA:495,0
DA:499,0
DA:500,0
DA:501,0
DA:502,0
DA:506,0
DA:507,0
DA:508,0
DA:509,0
DA:510,0
DA:512,0
DA:515,0
DA:516,0
DA:517,0
DA:518,0
DA:519,0
DA:522,0
DA:523,0
DA:524,0
DA:525,0
DA:528,0
DA:529,0
DA:531,0
DA:533,0
DA:536,0
DA:537,0
DA:538,0
DA:539,0
DA:541,0
DA:542,0
DA:544,0
DA:546,0
DA:549,0
DA:550,0
DA:551,0
DA:552,0
DA:553,0
DA:554,0
DA:557,0
DA:560,0
DA:561,0
DA:562,0
DA:563,0
DA:564,0
DA:565,0
DA:568,0
DA:573,0
DA:574,0
DA:576,0
DA:577,0
DA:578,0
DA:579,0
DA:582,0
DA:584,0
DA:585,0
DA:586,0
DA:587,0
DA:588,0
DA:589,0
DA:590,0
DA:591,0
DA:592,0
DA:593,0
DA:595,0
DA:603,0
DA:604,0
DA:605,0
DA:606,0
DA:607,0
DA:609,0
DA:610,0
DA:611,0
DA:613,0
DA:614,0
DA:616,0
DA:618,0
DA:619,0
DA:620,0
DA:622,0
DA:623,0
DA:624,0
DA:625,0
DA:626,0
DA:627,0
DA:628,0
DA:629,0
DA:630,0
DA:631,0
DA:632,0
DA:633,0
DA:634,0
DA:635,0
DA:636,0
DA:637,0
DA:638,0
DA:639,0
DA:640,0
DA:641,0
DA:642,0
DA:643,0
DA:644,0
DA:645,0
DA:646,0
DA:647,0
DA:648,0
DA:649,0
DA:650,0
DA:651,0
DA:652,0
DA:653,0
DA:657,0
DA:660,0
DA:662,0
DA:663,0
DA:664,0
DA:666,0
DA:668,0
DA:669,0
DA:670,0
DA:671,0
DA:674,0
DA:677,0
DA:679,0
DA:680,0
DA:681,0
DA:683,0
DA:684,0
DA:687,0
DA:689,0
DA:690,0
DA:691,0
DA:692,0
DA:693,0
DA:695,0
DA:697,0
DA:699,0
DA:701,0
DA:702,0
DA:703,0
DA:704,0
DA:706,0
DA:707,0
DA:708,0
DA:710,0
DA:711,0
DA:712,0
DA:714,0
DA:716,0
DA:717,0
DA:718,0
DA:720,0
DA:721,0
DA:722,0
DA:723,0
DA:724,0
DA:725,0
DA:726,0
DA:727,0
DA:728,0
DA:729,0
DA:730,0
DA:731,0
DA:732,0
DA:733,0
DA:734,0
DA:735,0
DA:736,0
DA:737,0
DA:739,0
DA:740,0
DA:741,0
DA:742,0
DA:744,0
DA:746,0
DA:747,0
DA:748,0
DA:750,0
DA:751,0
DA:752,0
DA:756,0
DA:757,0
DA:761,0
DA:762,0
DA:766,0
DA:767,0
DA:771,0
DA:778,0
DA:780,0
DA:781,0
DA:799,0
DA:804,0
DA:805,0
DA:807,0
DA:808,0
DA:809,0
DA:814,0
DA:818,0
DA:819,0
DA:821,0
DA:822,0
DA:824,0
DA:831,0
DA:832,0
DA:836,0
DA:849,0
DA:850,0
DA:851,0
DA:853,0
DA:857,0
DA:858,0
DA:862,0
DA:863,0
DA:865,0
DA:867,0
DA:874,0
DA:875,0
DA:876,0
DA:877,0
DA:878,0
DA:881,0
DA:883,0
DA:884,0
DA:885,0
DA:887,0
DA:891,0
DA:892,0
DA:893,0
DA:894,0
DA:895,0
DA:896,0
DA:899,0
DA:901,0
DA:902,0
DA:903,0
DA:904,0
DA:907,0
DA:909,0
DA:912,0
DA:915,0
DA:916,0
DA:919,0
DA:930,0
DA:933,0
DA:936,0
DA:937,0
DA:941,0
DA:943,0
DA:944,0
DA:947,0
DA:950,0
DA:952,0
DA:955,0
DA:957,0
DA:960,0
DA:961,0
DA:964,0
DA:966,0
DA:968,0
DA:971,0
DA:974,0
DA:975,0
DA:978,0
DA:991,0
DA:993,0
DA:996,0
DA:1002,0
DA:1013,0
DA:1014,0
DA:1015,0
DA:1016,0
DA:1017,0
DA:1018,0
DA:1020,0
DA:1021,0
DA:1024,0
DA:1031,0
DA:1034,0
DA:1035,0
DA:1036,0
DA:1037,0
DA:1042,0
DA:1043,0
DA:1044,0
DA:1045,0
DA:1046,0
DA:1051,0
DA:1052,0
DA:1053,0
DA:1054,0
DA:1057,0
DA:1058,0
DA:1061,0
DA:1062,0
DA:1063,0
DA:1064,0
DA:1065,0
DA:1069,0
DA:1070,0
DA:1072,0
DA:1073,0
DA:1074,0
DA:1075,0
DA:1076,0
DA:1082,0
DA:1083,0
DA:1085,0
DA:1086,0
DA:1087,0
DA:1091,0
DA:1092,0
DA:1093,0
DA:1094,0
DA:1095,0
DA:1142,0
DA:1143,0
DA:1156,0
DA:1157,0
DA:1158,0
DA:1159,0
DA:1160,0
DA:1161,0
DA:1162,0
DA:1163,0
DA:1167,0
DA:1168,0
DA:1170,0
DA:1171,0
DA:1178,0
DA:1179,0
DA:1180,0
DA:1183,0
DA:1185,0
DA:1187,0
DA:1188,0
DA:1189,0
DA:1193,0
DA:1194,0
DA:1195,0
DA:1196,0
DA:1199,0
DA:1200,0
DA:1201,0
DA:1202,0
DA:1203,0
DA:1204,0
DA:1207,0
DA:1212,0
DA:1215,0
DA:1218,0
DA:1219,0
DA:1220,0
DA:1221,0
DA:1224,0
DA:1227,0
DA:1230,0
DA:1231,0
DA:1232,0
DA:1233,0
DA:1234,0
DA:1238,0
DA:1239,0
DA:1240,0
DA:1241,0
DA:1242,0
DA:1244,0
DA:1245,0
DA:1246,0
DA:1247,0
DA:1248,0
DA:1249,0
DA:1267,0
DA:1270,0
DA:1271,0
DA:1273,0
DA:1275,0
DA:1280,0
DA:1281,0
DA:1282,0
DA:1283,0
DA:1287,0
DA:1290,0
DA:1299,0
DA:1303,0
DA:1304,0
DA:1307,0
DA:1308,0
DA:1313,0
DA:1318,0
DA:1323,0
DA:1328,0
DA:1331,0
DA:1333,0
DA:1334,0
DA:1335,0
DA:1339,0
DA:1340,0
DA:1344,0
DA:1357,0
DA:1358,0
DA:1359,0
DA:1360,0
DA:1361,0
DA:1364,0
DA:1365,0
DA:1370,0
DA:1373,0
DA:1391,0
DA:1394,0
DA:1395,0
DA:1396,0
DA:1397,0
DA:1400,0
DA:1401,0
DA:1406,0
DA:1408,0
DA:1409,0
DA:1410,0
DA:1417,0
DA:1418,0
DA:1419,0
DA:1420,0
DA:1423,0
DA:1424,0
DA:1428,0
DA:1431,0
DA:1432,0
DA:1433,0
DA:1435,0
DA:1436,0
DA:1437,0
DA:1438,0
DA:1440,0
DA:1441,0
DA:1444,0
DA:1448,0
DA:1450,0
DA:1452,0
DA:1453,0
DA:1455,0
DA:1459,0
DA:1460,0
DA:1468,0
DA:1470,0
DA:1475,0
DA:1476,0
DA:1477,0
DA:1478,0
DA:1480,0
DA:1481,0
DA:1483,0
DA:1484,0
DA:1486,0
DA:1487,0
DA:1489,0
DA:1490,0
DA:1494,0
DA:1495,0
DA:1499,0
DA:1500,0
DA:1502,0
DA:1503,0
DA:1505,0
DA:1506,0
DA:1510,0
DA:1511,0
DA:1512,0
DA:1513,0
DA:1515,0
DA:1516,0
DA:1521,0
DA:1523,0
DA:1529,0
DA:1530,0
DA:1532,0
DA:1536,0
DA:1537,0
DA:1538,0
DA:1540,0
DA:1542,0
DA:1546,0
DA:1547,0
DA:1549,0
DA:1557,0
DA:1558,0
DA:1560,0
DA:1563,0
DA:1564,0
DA:1565,0
DA:1567,0
DA:1571,0
DA:1572,0
DA:1574,0
DA:1580,0
DA:1582,0
DA:1586,0
DA:1588,0
DA:1592,0
DA:1594,0
DA:1598,0
DA:1600,0
DA:1608,0
DA:1609,0
DA:1611,0
DA:1612,0
DA:1619,0
DA:1620,0
DA:1621,0
DA:1622,0
DA:1623,0
DA:1624,0
DA:1626,0
DA:1627,0
DA:1628,0
DA:1631,0
DA:1632,0
DA:1633,0
DA:1634,0
DA:1635,0
DA:1636,0
DA:1638,0
DA:1639,0
DA:1640,0
DA:1647,0
DA:1650,0
DA:1651,0
DA:1653,0
DA:1656,0
DA:1659,0
DA:1660,0
DA:1662,0
DA:1670,0
DA:1672,0
DA:1675,0
DA:1680,0
DA:1681,0
DA:1682,0
DA:1683,0
DA:1685,0
DA:1686,0
DA:1688,0
DA:1689,0
DA:1691,0
DA:1692,0
DA:1694,0
DA:1695,0
DA:1701,0
DA:1702,0
DA:1708,0
DA:1710,0
DA:1714,0
DA:1716,0
DA:1720,0
DA:1722,0
DA:1726,0
DA:1728,0
DA:1736,0
DA:1737,0
DA:1739,0
DA:1740,0
DA:1742,0
DA:1743,0
DA:1747,0
DA:1748,0
DA:1749,0
DA:1750,0
DA:1752,0
DA:1753,0
DA:1759,0
DA:1761,0
DA:1764,0
DA:1769,0
DA:1771,0
DA:1775,0
DA:1777,0
DA:1784,0
DA:1785,0
DA:1786,0
DA:1787,0
DA:1788,0
DA:1789,0
DA:1791,0
DA:1792,0
DA:1793,0
DA:1796,0
DA:1797,0
DA:1798,0
DA:1799,0
DA:1800,0
DA:1801,0
DA:1803,0
DA:1804,0
DA:1805,0
DA:1814,0
DA:1815,0
DA:1817,0
DA:1821,0
DA:1822,0
DA:1823,0
DA:1825,0
DA:1827,0
DA:1831,0
DA:1832,0
DA:1834,0
DA:1841,0
DA:1842,0
DA:1844,0
DA:1847,0
DA:1848,0
DA:1849,0
DA:1851,0
DA:1855,0
DA:1856,0
DA:1858,0
DA:1863,0
DA:1864,0
DA:1866,0
DA:1867,0
DA:1872,0
DA:1876,0
DA:1881,0
DA:1883,0
DA:1884,0
DA:1892,0
DA:1895,0
DA:1897,0
DA:1898,0
DA:1899,0
DA:1900,0
DA:1901,0
DA:1903,0
DA:1904,0
DA:1906,0
DA:1907,0
DA:1911,0
DA:1912,0
DA:1913,0
DA:1916,0
DA:1917,0
DA:1928,0
DA:1932,0
DA:1933,0
DA:1934,0
DA:1938,0
DA:1942,0
DA:1945,0
DA:1946,0
DA:1948,0
DA:1949,0
DA:1952,0
DA:1953,0
DA:1961,0
DA:1964,0
DA:1968,0
DA:1972,0
DA:1980,0
DA:1981,0
DA:1982,0
DA:1984,0
DA:1985,0
DA:1986,0
DA:1994,0
DA:1995,0
DA:2003,0
DA:2004,0
DA:2012,0
DA:2013,0
DA:2027,0
DA:2029,0
DA:2030,0
DA:2031,0
DA:2036,0
DA:2037,0
DA:2041,0
DA:2043,0
DA:2044,0
DA:2047,0
DA:2048,0
DA:2053,0
DA:2055,0
DA:2058,0
DA:2060,0
DA:2061,0
DA:2064,0
DA:2065,0
DA:2066,0
DA:2068,0
DA:2070,0
DA:2077,0
LF:889
LH:0
BRDA:78,0,0,0
BRDA:78,0,1,0
BRDA:79,1,0,0
BRDA:79,1,1,0
BRDA:136,2,0,0
BRDA:136,2,1,0
BRDA:136,3,0,0
BRDA:136,3,1,0
BRDA:152,4,0,0
BRDA:152,4,1,0
BRDA:164,5,0,0
BRDA:164,5,1,0
BRDA:171,6,0,0
BRDA:171,6,1,0
BRDA:202,7,0,0
BRDA:202,7,1,0
BRDA:202,8,0,0
BRDA:202,8,1,0
BRDA:204,9,0,0
BRDA:204,9,1,0
BRDA:216,10,0,0
BRDA:216,10,1,0
BRDA:223,11,0,0
BRDA:223,11,1,0
BRDA:233,12,0,0
BRDA:233,12,1,0
BRDA:275,13,0,0
BRDA:275,13,1,0
BRDA:277,14,0,0
BRDA:277,14,1,0
BRDA:298,15,0,0
BRDA:298,15,1,0
BRDA:311,16,0,0
BRDA:311,16,1,0
BRDA:313,17,0,0
BRDA:313,17,1,0
BRDA:313,18,0,0
BRDA:313,18,1,0
BRDA:315,19,0,0
BRDA:315,19,1,0
BRDA:327,20,0,0
BRDA:327,20,1,0
BRDA:334,21,0,0
BRDA:334,21,1,0
BRDA:340,22,0,0
BRDA:340,22,1,0
BRDA:344,23,0,0
BRDA:344,23,1,0
BRDA:352,24,0,0
BRDA:352,24,1,0
BRDA:362,25,0,0
BRDA:362,25,1,0
BRDA:362,26,0,0
BRDA:362,26,1,0
BRDA:371,27,0,0
BRDA:371,27,1,0
BRDA:378,28,0,0
BRDA:378,28,1,0
BRDA:378,29,0,0
BRDA:378,29,1,0
BRDA:390,30,0,0
BRDA:390,30,1,0
BRDA:401,31,0,0
BRDA:401,31,1,0
BRDA:429,32,0,0
BRDA:429,32,1,0
BRDA:429,33,0,0
BRDA:429,33,1,0
BRDA:437,34,0,0
BRDA:437,34,1,0
BRDA:437,35,0,0
BRDA:437,35,1,0
BRDA:437,35,2,0
BRDA:445,36,0,0
BRDA:445,36,1,0
BRDA:447,37,0,0
BRDA:447,37,1,0
BRDA:447,38,0,0
BRDA:447,38,1,0
BRDA:449,39,0,0
BRDA:449,39,1,0
BRDA:453,40,0,0
BRDA:453,40,1,0
BRDA:453,41,0,0
BRDA:453,41,1,0
BRDA:462,42,0,0
BRDA:462,42,1,0
BRDA:475,43,0,0
BRDA:475,43,1,0
BRDA:481,44,0,0
BRDA:481,44,1,0
BRDA:487,45,0,0
BRDA:487,45,1,0
BRDA:491,46,0,0
BRDA:491,46,1,0
BRDA:500,47,0,0
BRDA:500,47,1,0
BRDA:507,48,0,0
BRDA:507,48,1,0
BRDA:517,49,0,0
BRDA:517,49,1,0
BRDA:523,50,0,0
BRDA:523,50,1,0
BRDA:528,51,0,0
BRDA:528,51,1,0
BRDA:537,52,0,0
BRDA:537,52,1,0
BRDA:541,53,0,0
BRDA:541,53,1,0
BRDA:550,54,0,0
BRDA:550,54,1,0
BRDA:552,55,0,0
BRDA:552,55,1,0
BRDA:561,56,0,0
BRDA:561,56,1,0
BRDA:563,57,0,0
BRDA:563,57,1,0
BRDA:577,58,0,0
BRDA:577,58,1,0
BRDA:578,59,0,0
BRDA:578,59,1,0
BRDA:582,60,0,0
BRDA:582,60,1,0
BRDA:582,61,0,0
BRDA:582,61,1,0
BRDA:582,61,2,0
BRDA:582,61,3,0
BRDA:586,62,0,0
BRDA:586,62,1,0
BRDA:586,63,0,0
BRDA:586,63,1,0
BRDA:586,63,2,0
BRDA:589,64,0,0
BRDA:589,64,1,0
BRDA:589,65,0,0
BRDA:589,65,1,0
BRDA:589,65,2,0
BRDA:592,66,0,0
BRDA:592,66,1,0
BRDA:592,67,0,0
BRDA:592,67,1,0
BRDA:604,68,0,0
BRDA:604,68,1,0
BRDA:604,69,0,0
BRDA:604,69,1,0
BRDA:604,69,2,0
BRDA:607,70,0,0
BRDA:607,70,1,0
BRDA:607,71,0,0
BRDA:607,71,1,0
BRDA:607,71,2,0
BRDA:607,71,3,0
BRDA:607,71,4,0
BRDA:609,72,0,0
BRDA:609,72,1,0
BRDA:616,73,0,0
BRDA:616,73,1,0
BRDA:616,74,0,0
BRDA:616,74,1,0
BRDA:616,74,2,0
BRDA:616,74,3,0
BRDA:616,74,4,0
BRDA:620,75,0,0
BRDA:620,75,1,0
BRDA:620,76,0,0
BRDA:620,76,1,0
BRDA:620,76,2,0
BRDA:624,77,0,0
BRDA:624,77,1,0
BRDA:624,78,0,0
BRDA:624,78,1,0
BRDA:627,79,0,0
BRDA:627,79,1,0
BRDA:627,80,0,0
BRDA:627,80,1,0
BRDA:630,81,0,0
BRDA:630,81,1,0
BRDA:630,82,0,0
BRDA:630,82,1,0
BRDA:633,83,0,0
BRDA:633,83,1,0
BRDA:633,84,0,0
BRDA:633,84,1,0
BRDA:636,85,0,0
BRDA:636,85,1,0
BRDA:636,86,0,0
BRDA:636,86,1,0
BRDA:639,87,0,0
BRDA:639,87,1,0
BRDA:639,88,0,0
BRDA:639,88,1,0
BRDA:642,89,0,0
BRDA:642,89,1,0
BRDA:642,90,0,0
BRDA:642,90,1,0
BRDA:646,91,0,0
BRDA:646,91,1,0
BRDA:646,92,0,0
BRDA:646,92,1,0
BRDA:650,93,0,0
BRDA:650,93,1,0
BRDA:650,94,0,0
BRDA:650,94,1,0
BRDA:651,95,0,0
BRDA:651,95,1,0
BRDA:657,96,0,0
BRDA:657,96,1,0
BRDA:660,97,0,0
BRDA:660,97,1,0
BRDA:660,98,0,0
BRDA:660,98,1,0
BRDA:663,99,0,0
BRDA:663,99,1,0
BRDA:668,100,0,0
BRDA:668,100,1,0
BRDA:674,101,0,0
BRDA:674,101,1,0
BRDA:677,102,0,0
BRDA:677,102,1,0
BRDA:677,103,0,0
BRDA:677,103,1,0
BRDA:680,104,0,0
BRDA:680,104,1,0
BRDA:683,105,0,0
BRDA:683,105,1,0
BRDA:687,106,0,0
BRDA:687,106,1,0
BRDA:687,107,0,0
BRDA:687,107,1,0
BRDA:690,108,0,0
BRDA:690,108,1,0
BRDA:693,109,0,0
BRDA:693,109,1,0
BRDA:695,110,0,0
BRDA:695,110,1,0
BRDA:697,111,0,0
BRDA:697,111,1,0
BRDA:699,112,0,0
BRDA:699,112,1,0
BRDA:701,113,0,0
BRDA:701,113,1,0
BRDA:701,114,0,0
BRDA:701,114,1,0
BRDA:701,114,2,0
BRDA:701,114,3,0
BRDA:704,115,0,0
BRDA:704,115,1,0
BRDA:708,116,0,0
BRDA:708,116,1,0
BRDA:708,117,0,0
BRDA:708,117,1,0
BRDA:708,117,2,0
BRDA:708,117,3,0
BRDA:711,118,0,0
BRDA:711,118,1,0
BRDA:714,119,0,0
BRDA:714,119,1,0
BRDA:714,120,0,0
BRDA:714,120,1,0
BRDA:714,120,2,0
BRDA:714,120,3,0
BRDA:717,121,0,0
BRDA:717,121,1,0
BRDA:720,122,0,0
BRDA:720,122,1,0
BRDA:722,123,0,0
BRDA:722,123,1,0
BRDA:723,124,0,0
BRDA:723,124,1,0
BRDA:725,125,0,0
BRDA:725,125,1,0
BRDA:726,126,0,0
BRDA:726,126,1,0
BRDA:726,127,0,0
BRDA:726,127,1,0
BRDA:727,128,0,0
BRDA:727,128,1,0
BRDA:728,129,0,0
BRDA:728,129,1,0
BRDA:728,130,0,0
BRDA:728,130,1,0
BRDA:729,131,0,0
BRDA:729,131,1,0
BRDA:730,132,0,0
BRDA:730,132,1,0
BRDA:730,133,0,0
BRDA:730,133,1,0
BRDA:730,133,2,0
BRDA:733,134,0,0
BRDA:733,134,1,0
BRDA:733,135,0,0
BRDA:733,135,1,0
BRDA:735,136,0,0
BRDA:735,136,1,0
BRDA:735,137,0,0
BRDA:735,137,1,0
BRDA:737,138,0,0
BRDA:737,138,1,0
BRDA:737,139,0,0
BRDA:737,139,1,0
BRDA:741,140,0,0
BRDA:741,140,1,0
BRDA:744,141,0,0
BRDA:744,141,1,0
BRDA:744,142,0,0
BRDA:744,142,1,0
BRDA:748,143,0,0
BRDA:748,143,1,0
BRDA:748,144,0,0
BRDA:748,144,1,0
BRDA:752,145,0,0
BRDA:752,145,1,0
BRDA:767,146,0,0
BRDA:767,146,1,0
BRDA:791,147,0,0
BRDA:791,147,1,0
BRDA:795,148,0,0
BRDA:795,148,1,0
BRDA:796,149,0,0
BRDA:796,149,1,0
BRDA:804,150,0,0
BRDA:804,150,1,0
BRDA:819,151,0,0
BRDA:819,151,1,0
BRDA:822,152,0,0
BRDA:822,152,1,0
BRDA:822,153,0,0
BRDA:822,153,1,0
BRDA:832,154,0,0
BRDA:832,154,1,0
BRDA:838,155,0,0
BRDA:838,155,1,0
BRDA:839,156,0,0
BRDA:839,156,1,0
BRDA:840,157,0,0
BRDA:840,157,1,0
BRDA:843,158,0,0
BRDA:843,158,1,0
BRDA:844,159,0,0
BRDA:844,159,1,0
BRDA:845,160,0,0
BRDA:845,160,1,0
BRDA:849,161,0,0
BRDA:849,161,1,0
BRDA:857,162,0,0
BRDA:857,162,1,0
BRDA:862,163,0,0
BRDA:862,163,1,0
BRDA:863,164,0,0
BRDA:863,164,1,0
BRDA:875,165,0,0
BRDA:875,165,1,0
BRDA:895,166,0,0
BRDA:895,166,1,0
BRDA:899,167,0,0
BRDA:899,167,1,0
BRDA:899,168,0,0
BRDA:899,168,1,0
BRDA:915,169,0,0
BRDA:915,169,1,0
BRDA:915,170,0,0
BRDA:915,170,1,0
BRDA:941,171,0,0
BRDA:941,171,1,0
BRDA:960,172,0,0
BRDA:960,172,1,0
BRDA:960,173,0,0
BRDA:960,173,1,0
BRDA:964,174,0,0
BRDA:964,174,1,0
BRDA:966,175,0,0
BRDA:966,175,1,0
BRDA:974,176,0,0
BRDA:974,176,1,0
BRDA:1014,177,0,0
BRDA:1014,177,1,0
BRDA:1014,178,0,0
BRDA:1014,178,1,0
BRDA:1014,178,2,0
BRDA:1016,179,0,0
BRDA:1016,179,1,0
BRDA:1018,180,0,0
BRDA:1018,180,1,0
BRDA:1035,181,0,0
BRDA:1035,181,1,0
BRDA:1043,182,0,0
BRDA:1043,182,1,0
BRDA:1053,183,0,0
BRDA:1053,183,1,0
BRDA:1053,184,0,0
BRDA:1053,184,1,0
BRDA:1062,185,0,0
BRDA:1062,185,1,0
BRDA:1072,186,0,0
BRDA:1072,186,1,0
BRDA:1072,187,0,0
BRDA:1072,187,1,0
BRDA:1075,188,0,0
BRDA:1075,188,1,0
BRDA:1075,189,0,0
BRDA:1075,189,1,0
BRDA:1075,189,2,0
BRDA:1086,190,0,0
BRDA:1086,190,1,0
BRDA:1086,190,2,0
BRDA:1086,190,3,0
BRDA:1091,191,0,0
BRDA:1091,191,1,0
BRDA:1094,192,0,0
BRDA:1094,192,1,0
BRDA:1095,193,0,0
BRDA:1095,193,1,0
BRDA:1095,194,0,0
BRDA:1095,194,1,0
BRDA:1099,195,0,0
BRDA:1099,195,1,0
BRDA:1101,196,0,0
BRDA:1101,196,1,0
BRDA:1102,197,0,0
BRDA:1102,197,1,0
BRDA:1103,198,0,0
BRDA:1103,198,1,0
BRDA:1123,199,0,0
BRDA:1123,199,1,0
BRDA:1125,200,0,0
BRDA:1125,200,1,0
BRDA:1128,201,0,0
BRDA:1128,201,1,0
BRDA:1137,202,0,0
BRDA:1137,202,1,0
BRDA:1140,203,0,0
BRDA:1140,203,1,0
BRDA:1145,204,0,0
BRDA:1145,204,1,0
BRDA:1168,205,0,0
BRDA:1168,205,1,0
BRDA:1187,206,0,0
BRDA:1187,206,1,0
BRDA:1196,207,0,0
BRDA:1196,207,1,0
BRDA:1199,208,0,0
BRDA:1199,208,1,0
BRDA:1212,209,0,0
BRDA:1212,209,1,0
BRDA:1221,210,0,0
BRDA:1221,210,1,0
BRDA:1224,211,0,0
BRDA:1224,211,1,0
BRDA:1233,212,0,0
BRDA:1233,212,1,0
BRDA:1241,213,0,0
BRDA:1241,213,1,0
BRDA:1241,214,0,0
BRDA:1241,214,1,0
BRDA:1246,215,0,0
BRDA:1246,215,1,0
BRDA:1247,216,0,0
BRDA:1247,216,1,0
BRDA:1248,217,0,0
BRDA:1248,217,1,0
BRDA:1248,217,2,0
BRDA:1251,218,0,0
BRDA:1251,218,1,0
BRDA:1251,219,0,0
BRDA:1251,219,1,0
BRDA:1252,220,0,0
BRDA:1252,220,1,0
BRDA:1252,221,0,0
BRDA:1252,221,1,0
BRDA:1255,222,0,0
BRDA:1255,222,1,0
BRDA:1258,223,0,0
BRDA:1258,223,1,0
BRDA:1259,224,0,0
BRDA:1259,224,1,0
BRDA:1260,225,0,0
BRDA:1260,225,1,0
BRDA:1267,226,0,0
BRDA:1267,226,1,0
BRDA:1273,227,0,0
BRDA:1273,227,1,0
BRDA:1273,228,0,0
BRDA:1273,228,1,0
BRDA:1282,229,0,0
BRDA:1282,229,1,0
BRDA:1287,230,0,0
BRDA:1287,230,1,0
BRDA:1303,231,0,0
BRDA:1303,231,1,0
BRDA:1304,232,0,0
BRDA:1304,232,1,0
BRDA:1308,233,0,0
BRDA:1308,233,1,0
BRDA:1313,234,0,0
BRDA:1313,234,1,0
BRDA:1318,235,0,0
BRDA:1318,235,1,0
BRDA:1323,236,0,0
BRDA:1323,236,1,0
BRDA:1331,237,0,0
BRDA:1331,237,1,0
BRDA:1333,238,0,0
BRDA:1333,238,1,0
BRDA:1339,239,0,0
BRDA:1339,239,1,0
BRDA:1350,240,0,0
BRDA:1350,240,1,0
BRDA:1383,241,0,0
BRDA:1383,241,1,0
BRDA:1384,242,0,0
BRDA:1384,242,1,0
BRDA:1386,243,0,0
BRDA:1386,243,1,0
BRDA:1387,244,0,0
BRDA:1387,244,1,0
BRDA:1408,245,0,0
BRDA:1408,245,1,0
BRDA:1423,246,0,0
BRDA:1423,246,1,0
BRDA:1433,247,0,0
BRDA:1433,247,1,0
BRDA:1441,248,0,0
BRDA:1441,248,1,0
BRDA:1452,249,0,0
BRDA:1452,249,1,0
BRDA:1529,250,0,0
BRDA:1529,250,1,0
BRDA:1536,251,0,0
BRDA:1536,251,1,0
BRDA:1536,251,2,0
BRDA:1538,252,0,0
BRDA:1538,252,1,0
BRDA:1546,253,0,0
BRDA:1546,253,1,0
BRDA:1557,254,0,0
BRDA:1557,254,1,0
BRDA:1564,255,0,0
BRDA:1564,255,1,0
BRDA:1571,256,0,0
BRDA:1571,256,1,0
BRDA:1582,257,0,0
BRDA:1582,257,1,0
BRDA:1588,258,0,0
BRDA:1588,258,1,0
BRDA:1594,259,0,0
BRDA:1594,259,1,0
BRDA:1600,260,0,0
BRDA:1600,260,1,0
BRDA:1621,261,0,0
BRDA:1621,261,1,0
BRDA:1623,262,0,0
BRDA:1623,262,1,0
BRDA:1633,263,0,0
BRDA:1633,263,1,0
BRDA:1635,264,0,0
BRDA:1635,264,1,0
BRDA:1710,265,0,0
BRDA:1710,265,1,0
BRDA:1716,266,0,0
BRDA:1716,266,1,0
BRDA:1722,267,0,0
BRDA:1722,267,1,0
BRDA:1728,268,0,0
BRDA:1728,268,1,0
BRDA:1786,269,0,0
BRDA:1786,269,1,0
BRDA:1788,270,0,0
BRDA:1788,270,1,0
BRDA:1798,271,0,0
BRDA:1798,271,1,0
BRDA:1800,272,0,0
BRDA:1800,272,1,0
BRDA:1814,273,0,0
BRDA:1814,273,1,0
BRDA:1821,274,0,0
BRDA:1821,274,1,0
BRDA:1821,274,2,0
BRDA:1823,275,0,0
BRDA:1823,275,1,0
BRDA:1831,276,0,0
BRDA:1831,276,1,0
BRDA:1841,277,0,0
BRDA:1841,277,1,0
BRDA:1848,278,0,0
BRDA:1848,278,1,0
BRDA:1855,279,0,0
BRDA:1855,279,1,0
BRDA:1872,280,0,0
BRDA:1872,280,1,0
BRDA:1903,281,0,0
BRDA:1903,281,1,0
BRDA:1916,282,0,0
BRDA:1916,282,1,0
BRDA:1942,283,0,0
BRDA:1942,283,1,0
BRDA:2027,284,0,0
BRDA:2027,284,1,0
BRDA:2030,285,0,0
BRDA:2030,285,1,0
BRDA:2058,286,0,0
BRDA:2058,286,1,0
BRDA:1448,287,0,0
BRDA:1448,287,1,0
BRDA:1877,288,0,0
BRDA:1877,288,1,0
BRDA:1878,289,0,0
BRDA:1878,289,1,0
BRDA:1878,290,0,0
BRDA:1878,290,1,0
BRDA:1882,291,0,0
BRDA:1882,291,1,0
BRDA:1882,292,0,0
BRDA:1882,292,1,0
BRDA:1883,293,0,0
BRDA:1883,293,1,0
BRDA:2077,294,0,0
BRDA:2077,294,1,0
BRF:617
BRH:0
end_of_record
TN:
SF:src/components/Output.tsx
FN:26,(anonymous_0)
FN:27,(anonymous_1)
FN:37,(anonymous_2)
FN:63,parseStdoutWithUI
FN:120,(anonymous_4)
FN:133,(anonymous_5)
FN:134,(anonymous_6)
FN:189,parseMarkdownWithUI
FN:254,escapeRegex
FN:259,(anonymous_9)
FN:260,(anonymous_10)
FN:268,(anonymous_11)
FN:281,(anonymous_12)
FN:362,(anonymous_13)
FN:364,(anonymous_14)
FN:365,(anonymous_15)
FN:367,(anonymous_16)
FN:369,(anonymous_17)
FN:373,(anonymous_18)
FN:381,(anonymous_19)
FN:383,(anonymous_20)
FN:384,(anonymous_21)
FN:398,(anonymous_22)
FN:403,(anonymous_23)
FN:404,(anonymous_24)
FN:410,(anonymous_25)
FN:419,(anonymous_26)
FN:423,(anonymous_27)
FN:426,(anonymous_28)
FN:428,(anonymous_29)
FN:432,(anonymous_30)
FN:434,(anonymous_31)
FN:434,(anonymous_32)
FN:438,(anonymous_33)
FN:445,(anonymous_34)
FN:449,(anonymous_35)
FN:461,(anonymous_36)
FN:462,(anonymous_37)
FN:463,(anonymous_38)
FN:464,(anonymous_39)
FN:465,(anonymous_40)
FN:466,(anonymous_41)
FN:472,(anonymous_42)
FN:484,(anonymous_43)
FN:485,(anonymous_44)
FN:493,(anonymous_45)
FN:499,(anonymous_46)
FN:499,(anonymous_47)
FN:501,(anonymous_48)
FN:501,(anonymous_49)
FN:504,(anonymous_50)
FN:505,(anonymous_51)
FN:507,(anonymous_52)
FN:509,(anonymous_53)
FN:513,(anonymous_54)
FN:513,(anonymous_55)
FN:515,(anonymous_56)
FN:521,(anonymous_57)
FN:521,(anonymous_58)
FN:521,(anonymous_59)
FN:522,(anonymous_60)
FN:529,(anonymous_61)
FN:531,(anonymous_62)
FN:531,(anonymous_63)
FN:531,(anonymous_64)
FN:533,(anonymous_65)
FN:534,(anonymous_66)
FN:534,(anonymous_67)
FN:541,(anonymous_68)
FN:543,(anonymous_69)
FN:543,(anonymous_70)
FN:553,(anonymous_71)
FN:555,(anonymous_72)
FN:555,(anonymous_73)
FNF:74
FNH:0
FNDA:0,(anonymous_0)
FNDA:0,(anonymous_1)
FNDA:0,(anonymous_2)
FNDA:0,parseStdoutWithUI
FNDA:0,(anonymous_4)
FNDA:0,(anonymous_5)
FNDA:0,(anonymous_6)
FNDA:0,parseMarkdownWithUI
FNDA:0,escapeRegex
FNDA:0,(anonymous_9)
FNDA:0,(anonymous_10)
FNDA:0,(anonymous_11)
FNDA:0,(anonymous_12)
FNDA:0,(anonymous_13)
FNDA:0,(anonymous_14)
FNDA:0,(anonymous_15)
FNDA:0,(anonymous_16)
FNDA:0,(anonymous_17)
FNDA:0,(anonymous_18)
FNDA:0,(anonymous_19)
FNDA:0,(anonymous_20)
FNDA:0,(anonymous_21)
FNDA:0,(anonymous_22)
FNDA:0,(anonymous_23)
FNDA:0,(anonymous_24)
FNDA:0,(anonymous_25)
FNDA:0,(anonymous_26)
FNDA:0,(anonymous_27)
FNDA:0,(anonymous_28)
FNDA:0,(anonymous_29)
FNDA:0,(anonymous_30)
FNDA:0,(anonymous_31)
FNDA:0,(anonymous_32)
FNDA:0,(anonymous_33)
FNDA:0,(anonymous_34)
FNDA:0,(anonymous_35)
FNDA:0,(anonymous_36)
FNDA:0,(anonymous_37)
FNDA:0,(anonymous_38)
FNDA:0,(anonymous_39)
FNDA:0,(anonymous_40)
FNDA:0,(anonymous_41)
FNDA:0,(anonymous_42)
FNDA:0,(anonymous_43)
FNDA:0,(anonymous_44)
FNDA:0,(anonymous_45)
FNDA:0,(anonymous_46)
FNDA:0,(anonymous_47)
FNDA:0,(anonymous_48)
FNDA:0,(anonymous_49)
FNDA:0,(anonymous_50)
FNDA:0,(anonymous_51)
FNDA:0,(anonymous_52)
FNDA:0,(anonymous_53)
FNDA:0,(anonymous_54)
FNDA:0,(anonymous_55)
FNDA:0,(anonymous_56)
FNDA:0,(anonymous_57)
FNDA:0,(anonymous_58)
FNDA:0,(anonymous_59)
FNDA:0,(anonymous_60)
FNDA:0,(anonymous_61)
FNDA:0,(anonymous_62)
FNDA:0,(anonymous_63)
FNDA:0,(anonymous_64)
FNDA:0,(anonymous_65)
FNDA:0,(anonymous_66)
FNDA:0,(anonymous_67)
FNDA:0,(anonymous_68)
FNDA:0,(anonymous_69)
FNDA:0,(anonymous_70)
FNDA:0,(anonymous_71)
FNDA:0,(anonymous_72)
FNDA:0,(anonymous_73)
DA:15,0
DA:16,0
DA:17,0
DA:18,0
DA:19,0
DA:20,0
DA:23,0
DA:26,0
DA:28,0
DA:29,0
DA:30,0
DA:38,0
DA:44,0
DA:45,0
DA:47,0
DA:64,0
DA:65,0
DA:67,0
DA:70,0
DA:76,0
DA:80,0
DA:87,0
DA:90,0
DA:91,0
DA:99,0
DA:100,0
DA:109,0
DA:110,0
DA:120,0
DA:123,0
DA:126,0
DA:127,0
DA:128,0
DA:133,0
DA:134,0
DA:137,0
DA:139,0
DA:142,0
DA:143,0
DA:147,0
DA:148,0
DA:152,0
DA:153,0
DA:154,0
DA:155,0
DA:159,0
DA:160,0
DA:161,0
DA:162,0
DA:164,0
DA:166,0
DA:167,0
DA:174,0
DA:178,0
DA:179,0
DA:180,0
DA:181,0
DA:185,0
DA:190,0
DA:191,0
DA:196,0
DA:199,0
DA:201,0
DA:202,0
DA:203,0
DA:204,0
DA:209,0
DA:210,0
DA:211,0
DA:213,0
DA:216,0
DA:220,0
DA:221,0
DA:222,0
DA:223,0
DA:227,0
DA:255,0
DA:259,0
DA:260,0
DA:264,0
DA:265,0
DA:268,0
DA:269,0
DA:270,0
DA:271,0
DA:281,0
DA:282,0
DA:283,0
DA:284,0
DA:286,0
DA:287,0
DA:288,0
DA:291,0
DA:295,0
DA:297,0
DA:299,0
DA:300,0
DA:302,0
DA:303,0
DA:304,0
DA:306,0
DA:307,0
DA:308,0
DA:309,0
DA:310,0
DA:312,0
DA:313,0
DA:314,0
DA:319,0
DA:320,0
DA:321,0
DA:323,0
DA:324,0
DA:325,0
DA:329,0
DA:330,0
DA:331,0
DA:332,0
DA:333,0
DA:335,0
DA:336,0
DA:337,0
DA:339,0
DA:342,0
DA:343,0
DA:344,0
DA:346,0
DA:353,0
DA:354,0
DA:357,0
DA:360,0
DA:362,0
DA:364,0
DA:366,0
DA:367,0
DA:369,0
DA:373,0
DA:374,0
DA:381,0
DA:383,0
DA:385,0
DA:388,0
DA:389,0
DA:398,0
DA:401,0
DA:402,0
DA:403,0
DA:404,0
DA:406,0
DA:407,0
DA:409,0
DA:410,0
DA:412,0
DA:419,0
DA:420,0
DA:423,0
DA:426,0
DA:429,0
DA:432,0
DA:434,0
DA:438,0
DA:442,0
DA:444,0
DA:445,0
DA:446,0
DA:448,0
DA:449,0
DA:451,0
DA:457,0
DA:458,0
DA:459,0
DA:461,0
DA:462,0
DA:463,0
DA:464,0
DA:465,0
DA:466,0
DA:472,0
DA:474,0
DA:478,0
DA:484,0
DA:485,0
DA:486,0
DA:487,0
DA:493,0
DA:494,0
DA:495,0
DA:498,0
DA:499,0
DA:501,0
DA:504,0
DA:506,0
DA:507,0
DA:509,0
DA:512,0
DA:513,0
DA:515,0
DA:517,0
DA:521,0
DA:522,0
DA:529,0
DA:530,0
DA:531,0
DA:533,0
DA:534,0
DA:541,0
DA:542,0
DA:543,0
DA:546,0
DA:553,0
DA:554,0
DA:555,0
DA:560,0
DA:566,0
LF:214
LH:0
BRDA:29,0,0,0
BRDA:29,0,1,0
BRDA:65,1,0,0
BRDA:65,1,1,0
BRDA:127,2,0,0
BRDA:127,2,1,0
BRDA:134,3,0,0
BRDA:134,3,1,0
BRDA:142,4,0,0
BRDA:142,4,1,0
BRDA:142,5,0,0
BRDA:142,5,1,0
BRDA:147,6,0,0
BRDA:147,6,1,0
BRDA:152,7,0,0
BRDA:152,7,1,0
BRDA:154,8,0,0
BRDA:154,8,1,0
BRDA:159,9,0,0
BRDA:159,9,1,0
BRDA:166,10,0,0
BRDA:166,10,1,0
BRDA:170,11,0,0
BRDA:170,11,1,0
BRDA:178,12,0,0
BRDA:178,12,1,0
BRDA:180,13,0,0
BRDA:180,13,1,0
BRDA:201,14,0,0
BRDA:201,14,1,0
BRDA:203,15,0,0
BRDA:203,15,1,0
BRDA:220,16,0,0
BRDA:220,16,1,0
BRDA:222,17,0,0
BRDA:222,17,1,0
BRDA:270,18,0,0
BRDA:270,18,1,0
BRDA:287,19,0,0
BRDA:287,19,1,0
BRDA:300,20,0,0
BRDA:300,20,1,0
BRDA:300,21,0,0
BRDA:300,21,1,0
BRDA:300,21,2,0
BRDA:300,21,3,0
BRDA:303,22,0,0
BRDA:303,22,1,0
BRDA:309,23,0,0
BRDA:309,23,1,0
BRDA:312,24,0,0
BRDA:312,24,1,0
BRDA:312,25,0,0
BRDA:312,25,1,0
BRDA:319,26,0,0
BRDA:319,26,1,0
BRDA:330,27,0,0
BRDA:330,27,1,0
BRDA:332,28,0,0
BRDA:332,28,1,0
BRDA:335,29,0,0
BRDA:335,29,1,0
BRDA:343,30,0,0
BRDA:343,30,1,0
BRDA:353,31,0,0
BRDA:353,31,1,0
BRDA:360,32,0,0
BRDA:360,32,1,0
BRDA:366,33,0,0
BRDA:366,33,1,0
BRDA:388,34,0,0
BRDA:388,34,1,0
BRDA:388,35,0,0
BRDA:388,35,1,0
BRDA:392,36,0,0
BRDA:392,36,1,0
BRDA:401,37,0,0
BRDA:401,37,1,0
BRDA:413,38,0,0
BRDA:413,38,1,0
BRDA:413,38,2,0
BRDA:429,39,0,0
BRDA:429,39,1,0
BRDA:432,40,0,0
BRDA:432,40,1,0
BRDA:442,41,0,0
BRDA:442,41,1,0
BRDA:445,42,0,0
BRDA:445,42,1,0
BRDA:445,43,0,0
BRDA:445,43,1,0
BRDA:457,44,0,0
BRDA:457,44,1,0
BRDA:461,45,0,0
BRDA:461,45,1,0
BRDA:462,46,0,0
BRDA:462,46,1,0
BRDA:463,47,0,0
BRDA:463,47,1,0
BRDA:464,48,0,0
BRDA:464,48,1,0
BRDA:465,49,0,0
BRDA:465,49,1,0
BRDA:466,50,0,0
BRDA:466,50,1,0
BRDA:475,51,0,0
BRDA:475,51,1,0
BRDA:487,52,0,0
BRDA:487,52,1,0
BRDA:487,52,2,0
BRDA:487,52,3,0
BRDA:487,52,4,0
BRDA:494,53,0,0
BRDA:494,53,1,0
BRDA:506,54,0,0
BRDA:506,54,1,0
BRDA:512,55,0,0
BRDA:512,55,1,0
BRDA:521,56,0,0
BRDA:521,56,1,0
BRDA:531,57,0,0
BRDA:531,57,1,0
BRDA:566,58,0,0
BRDA:566,58,1,0
BRF:124
BRH:0
end_of_record
TN:
SF:src/components/PerformanceMonitor.tsx
FN:12,(anonymous_0)
FN:16,(anonymous_1)
FN:24,(anonymous_2)
FN:30,(anonymous_3)
FN:50,(anonymous_4)
FN:51,(anonymous_5)
FN:54,(anonymous_6)
FN:62,(anonymous_7)
FN:68,(anonymous_8)
FN:69,(anonymous_9)
FN:70,(anonymous_10)
FN:86,(anonymous_11)
FN:110,(anonymous_12)
FN:141,(anonymous_13)
FN:145,(anonymous_14)
FN:146,(anonymous_15)
FN:152,(anonymous_16)
FN:178,(anonymous_17)
FN:178,(anonymous_18)
FN:183,(anonymous_19)
FN:184,(anonymous_20)
FN:184,(anonymous_21)
FN:187,(anonymous_22)
FN:187,(anonymous_23)
FN:188,(anonymous_24)
FN:188,(anonymous_25)
FN:189,(anonymous_26)
FN:189,(anonymous_27)
FN:189,(anonymous_28)
FN:190,(anonymous_29)
FN:203,(anonymous_30)
FN:203,(anonymous_31)
FN:212,(anonymous_32)
FN:213,(anonymous_33)
FN:213,(anonymous_34)
FN:215,(anonymous_35)
FN:216,(anonymous_36)
FNF:37
FNH:0
FNDA:0,(anonymous_0)
FNDA:0,(anonymous_1)
FNDA:0,(anonymous_2)
FNDA:0,(anonymous_3)
FNDA:0,(anonymous_4)
FNDA:0,(anonymous_5)
FNDA:0,(anonymous_6)
FNDA:0,(anonymous_7)
FNDA:0,(anonymous_8)
FNDA:0,(anonymous_9)
[...]
DA:463,0
DA:468,0
DA:472,0
DA:474,0
DA:476,0
DA:477,0
DA:482,0
DA:486,0
DA:487,0
DA:489,0
DA:491,0
DA:494,0
DA:497,0
DA:498,0
DA:502,0
DA:504,0
DA:505,0
DA:508,0
DA:509,0
DA:513,0
DA:514,0
DA:519,0
DA:520,0
DA:523,0
DA:525,0
DA:526,0
DA:527,0
DA:530,0
DA:531,0
DA:541,6
DA:542,6
DA:544,6
DA:545,6
DA:554,6
DA:555,6
DA:556,6
DA:557,6
DA:559,6
DA:562,6
DA:563,0
DA:566,6
DA:567,0
DA:569,6
DA:573,1
DA:575,1
DA:576,1
DA:578,1
DA:581,1
DA:582,1
DA:584,1
DA:585,2
DA:588,0
DA:592,1
DA:593,0
DA:598,0
DA:600,0
DA:601,0
DA:602,0
DA:605,0
DA:606,0
DA:607,0
DA:608,0
DA:611,0
DA:615,0
DA:616,0
DA:623,6
DA:624,0
DA:625,0
DA:627,6
DA:628,6
DA:632,6
DA:633,0
DA:634,0
DA:636,6
DA:639,6
DA:641,6
DA:642,6
DA:645,6
DA:649,0
DA:653,0
DA:655,0
DA:656,0
DA:659,0
DA:660,0
DA:665,0
DA:666,0
DA:672,0
DA:677,0
DA:679,0
DA:680,0
DA:681,0
DA:684,0
DA:685,0
DA:687,0
DA:690,0
DA:691,0
DA:701,0
DA:702,0
DA:704,0
DA:710,0
DA:712,0
DA:713,0
DA:718,0
DA:719,0
DA:723,0
DA:724,0
DA:729,0
DA:732,0
DA:733,0
DA:739,0
DA:740,0
DA:741,0
DA:747,0
DA:748,0
DA:753,0
DA:754,0
DA:755,0
DA:762,0
DA:766,0
DA:770,0
DA:774,0
DA:775,0
DA:778,0
DA:779,0
DA:787,0
DA:788,0
DA:792,0
DA:797,0
DA:798,0
DA:799,0
DA:804,0
DA:810,0
DA:811,0
DA:814,0
DA:815,0
DA:816,0
DA:821,0
DA:822,0
DA:823,0
DA:824,0
DA:829,0
DA:830,0
DA:831,0
DA:832,0
DA:834,0
DA:835,0
DA:837,0
DA:842,0
DA:848,0
DA:849,0
DA:850,0
DA:853,0
DA:854,0
DA:856,0
DA:857,0
DA:858,0
DA:860,0
DA:861,0
DA:862,0
DA:863,0
DA:864,0
DA:871,0
DA:874,0
DA:875,0
DA:876,0
DA:878,0
DA:879,0
DA:880,0
DA:884,0
DA:885,0
DA:886,0
DA:887,0
DA:888,0
DA:889,0
DA:895,0
DA:896,0
DA:897,0
DA:898,0
DA:903,0
DA:904,0
DA:906,0
DA:907,0
DA:908,0
DA:910,0
DA:911,0
DA:912,0
DA:913,0
DA:914,0
DA:920,0
DA:925,0
DA:926,0
DA:927,0
DA:929,0
DA:930,0
DA:931,0
DA:932,0
DA:933,0
DA:934,0
DA:935,0
DA:938,0
DA:940,0
DA:941,0
DA:942,0
DA:944,0
DA:948,0
DA:949,0
DA:953,0
DA:955,0
DA:960,0
DA:965,0
DA:966,0
DA:968,0
DA:973,0
DA:974,0
DA:975,0
DA:976,0
DA:978,0
DA:980,0
DA:983,0
DA:984,0
DA:985,0
DA:986,0
DA:987,0
DA:989,0
DA:992,0
DA:993,0
DA:994,0
DA:996,0
DA:997,0
DA:998,0
DA:1005,0
DA:1007,0
DA:1009,0
DA:1011,0
DA:1013,0
DA:1014,0
DA:1015,0
DA:1018,0
DA:1021,0
DA:1022,0
DA:1024,0
DA:1030,0
DA:1031,0
DA:1032,0
DA:1037,0
DA:1038,0
DA:1039,0
DA:1040,0
DA:1041,0
DA:1043,0
DA:1047,0
DA:1051,0
DA:1052,0
DA:1056,0
DA:1059,0
DA:1060,0
DA:1062,0
DA:1063,0
DA:1064,0
DA:1067,0
DA:1071,0
DA:1072,0
DA:1087,16
DA:1107,16
DA:1108,31
DA:1109,0
DA:1110,0
DA:1113,0
DA:1115,0
DA:1119,0
DA:1125,0
DA:1127,0
DA:1129,0
DA:1130,0
DA:1133,0
DA:1134,0
DA:1138,0
DA:1139,0
DA:1144,0
DA:1148,0
DA:1152,0
LF:437
LH:96
BRDA:150,0,0,0
BRDA:150,0,1,1
BRDA:150,1,0,1
BRDA:150,1,1,1
BRDA:158,2,0,1
BRDA:158,2,1,0
BRDA:161,3,0,0
BRDA:161,3,1,0
BRDA:164,4,0,1
BRDA:164,4,1,0
BRDA:171,5,0,0
BRDA:171,5,1,1
BRDA:186,6,0,0
BRDA:186,6,1,0
BRDA:186,7,0,0
BRDA:186,7,1,0
BRDA:187,8,0,0
BRDA:187,8,1,0
BRDA:187,9,0,0
BRDA:187,9,1,0
BRDA:187,9,2,0
BRDA:189,10,0,0
BRDA:189,10,1,0
BRDA:194,11,0,0
BRDA:194,11,1,0
BRDA:201,12,0,0
BRDA:201,12,1,0
BRDA:201,13,0,0
BRDA:201,13,1,0
BRDA:203,14,0,0
BRDA:203,14,1,0
BRDA:206,15,0,0
BRDA:206,15,1,0
BRDA:256,16,0,12
BRDA:256,16,1,0
BRDA:263,17,0,0
BRDA:263,17,1,0
BRDA:271,18,0,0
BRDA:271,18,1,0
BRDA:282,19,0,0
BRDA:282,19,1,6
BRDA:286,20,0,0
BRDA:286,20,1,6
BRDA:301,21,0,1
BRDA:301,21,1,1
BRDA:308,22,0,0
BRDA:308,22,1,1
BRDA:323,23,0,0
BRDA:323,23,1,1
BRDA:332,24,0,1
BRDA:332,24,1,0
BRDA:334,25,0,1
BRDA:334,25,1,0
BRDA:342,26,0,0
BRDA:342,26,1,1
BRDA:351,27,0,0
BRDA:351,27,1,0
BRDA:363,28,0,0
BRDA:363,28,1,0
BRDA:374,29,0,0
BRDA:374,29,1,0
BRDA:380,30,0,0
BRDA:380,30,1,0
BRDA:388,31,0,0
BRDA:388,31,1,0
BRDA:390,32,0,0
BRDA:390,32,1,0
BRDA:396,33,0,0
BRDA:396,33,1,0
BRDA:403,34,0,0
BRDA:403,34,1,0
BRDA:406,35,0,0
BRDA:406,35,1,0
BRDA:420,36,0,0
BRDA:420,36,1,0
BRDA:429,37,0,0
BRDA:429,37,1,0
BRDA:442,38,0,0
BRDA:442,38,1,0
BRDA:444,39,0,0
BRDA:444,39,1,0
BRDA:454,40,0,0
BRDA:454,40,1,0
BRDA:462,41,0,0
BRDA:462,41,1,0
BRDA:476,42,0,0
BRDA:476,42,1,0
BRDA:489,43,0,0
BRDA:489,43,1,0
BRDA:489,44,0,0
BRDA:489,44,1,0
BRDA:497,45,0,0
BRDA:497,45,1,0
BRDA:508,46,0,0
BRDA:508,46,1,0
BRDA:513,47,0,0
BRDA:513,47,1,0
BRDA:520,48,0,0
BRDA:520,48,1,0
BRDA:530,49,0,0
BRDA:530,49,1,0
BRDA:556,50,0,6
BRDA:556,50,1,0
BRDA:562,51,0,0
BRDA:562,51,1,6
BRDA:562,52,0,6
BRDA:562,52,1,3
BRDA:566,53,0,0
BRDA:566,53,1,6
BRDA:573,54,0,0
BRDA:573,54,1,1
BRDA:581,55,0,1
BRDA:581,55,1,0
BRDA:592,56,0,0
BRDA:592,56,1,1
BRDA:598,57,0,0
BRDA:598,57,1,0
BRDA:605,58,0,0
BRDA:605,58,1,0
BRDA:615,59,0,0
BRDA:615,59,1,0
BRDA:623,60,0,0
BRDA:623,60,1,6
BRDA:632,61,0,0
BRDA:632,61,1,6
BRDA:639,62,0,6
BRDA:639,62,1,0
BRDA:653,63,0,0
BRDA:653,63,1,0
BRDA:656,64,0,0
BRDA:656,64,1,0
BRDA:656,65,0,0
BRDA:656,65,1,0
BRDA:659,66,0,0
BRDA:659,66,1,0
BRDA:677,67,0,0
BRDA:677,67,1,0
BRDA:677,68,0,0
BRDA:677,68,1,0
BRDA:680,69,0,0
BRDA:680,69,1,0
BRDA:681,70,0,0
BRDA:681,70,1,0
BRDA:684,71,0,0
BRDA:684,71,1,0
BRDA:685,72,0,0
BRDA:685,72,1,0
BRDA:701,73,0,0
BRDA:701,73,1,0
BRDA:712,74,0,0
BRDA:712,74,1,0
BRDA:712,75,0,0
BRDA:712,75,1,0
BRDA:732,76,0,0
BRDA:732,76,1,0
BRDA:740,77,0,0
BRDA:740,77,1,0
BRDA:754,78,0,0
BRDA:754,78,1,0
BRDA:754,79,0,0
BRDA:754,79,1,0
BRDA:778,80,0,0
BRDA:778,80,1,0
BRDA:778,81,0,0
BRDA:778,81,1,0
BRDA:815,82,0,0
BRDA:815,82,1,0
BRDA:832,83,0,0
BRDA:832,83,1,0
BRDA:832,84,0,0
BRDA:832,84,1,0
BRDA:834,85,0,0
BRDA:834,85,1,0
BRDA:858,86,0,0
BRDA:858,86,1,0
BRDA:861,87,0,0
BRDA:861,87,1,0
BRDA:871,88,0,0
BRDA:871,88,1,0
BRDA:885,89,0,0
BRDA:885,89,1,0
BRDA:887,90,0,0
BRDA:887,90,1,0
BRDA:889,91,0,0
BRDA:889,91,1,0
BRDA:895,92,0,0
BRDA:895,92,1,0
BRDA:897,93,0,0
BRDA:897,93,1,0
BRDA:898,94,0,0
BRDA:898,94,1,0
BRDA:910,95,0,0
BRDA:910,95,1,0
BRDA:911,96,0,0
BRDA:911,96,1,0
BRDA:913,97,0,0
BRDA:913,97,1,0
BRDA:920,98,0,0
BRDA:920,98,1,0
BRDA:927,99,0,0
BRDA:927,99,1,0
BRDA:927,100,0,0
BRDA:927,100,1,0
BRDA:927,100,2,0
BRDA:927,100,3,0
BRDA:934,101,0,0
BRDA:934,101,1,0
BRDA:935,102,0,0
BRDA:935,102,1,0
BRDA:935,102,2,0
BRDA:938,103,0,0
BRDA:938,103,1,0
BRDA:940,104,0,0
BRDA:940,104,1,0
BRDA:948,105,0,0
BRDA:948,105,1,0
BRDA:948,106,0,0
BRDA:948,106,1,0
BRDA:960,107,0,0
BRDA:960,107,1,0
BRDA:961,108,0,0
BRDA:961,108,1,0
BRDA:962,109,0,0
BRDA:962,109,1,0
BRDA:965,110,0,0
BRDA:965,110,1,0
BRDA:972,111,0,0
BRDA:976,112,0,0
BRDA:976,112,1,0
BRDA:983,113,0,0
BRDA:983,113,1,0
BRDA:983,114,0,0
BRDA:983,114,1,0
BRDA:987,115,0,0
BRDA:987,115,1,0
BRDA:997,116,0,0
BRDA:997,116,1,0
BRDA:997,117,0,0
BRDA:997,117,1,0
BRDA:997,117,2,0
BRDA:1014,118,0,0
BRDA:1014,118,1,0
BRDA:1014,119,0,0
BRDA:1014,119,1,0
BRDA:1022,120,0,0
BRDA:1022,120,1,0
BRDA:1030,121,0,0
BRDA:1030,121,1,0
BRDA:1038,122,0,0
BRDA:1038,122,1,0
BRDA:1056,123,0,0
BRDA:1056,123,1,0
BRDA:1071,124,0,0
BRDA:1071,124,1,0
BRDA:1090,125,0,16
BRDA:1090,125,1,13
BRDA:1091,126,0,16
BRDA:1091,126,1,0
BRDA:1092,127,0,16
BRDA:1092,127,1,0
BRDA:1092,128,0,0
BRDA:1092,128,1,0
BRDA:1094,129,0,16
BRDA:1094,129,1,16
BRDA:1095,130,0,16
BRDA:1095,130,1,16
BRDA:1108,131,0,0
BRDA:1108,131,1,31
BRDA:1108,132,0,31
BRDA:1108,132,1,21
BRDA:1108,132,2,0
BRDA:1113,133,0,0
BRDA:1113,133,1,0
BRDA:1127,134,0,0
BRDA:1127,134,1,0
BRDA:1130,135,0,0
BRDA:1130,135,1,0
BRDA:1133,136,0,0
BRDA:1133,136,1,0
BRF:279
BRH:38
end_of_record
TN:
SF:src/lib/syntax-highlighter.ts
FN:8,(anonymous_0)
FN:9,(anonymous_1)
FN:10,(anonymous_2)
FN:11,(anonymous_3)
FN:12,(anonymous_4)
FN:13,(anonymous_5)
FN:14,(anonymous_6)
FN:15,(anonymous_7)
FN:16,(anonymous_8)
FN:17,(anonymous_9)
FN:18,(anonymous_10)
FN:19,(anonymous_11)
FN:20,(anonymous_12)
FN:21,(anonymous_13)
FN:22,(anonymous_14)
FN:23,(anonymous_15)
FN:24,(anonymous_16)
FN:25,(anonymous_17)
FN:26,(anonymous_18)
FN:27,(anonymous_19)
FN:28,(anonymous_20)
FN:29,(anonymous_21)
FN:30,(anonymous_22)
FN:31,(anonymous_23)
FN:32,(anonymous_24)
FN:131,(anonymous_25)
FN:160,(anonymous_26)
FN:166,(anonymous_27)
FN:178,(anonymous_28)
FN:186,(anonymous_29)
FN:195,(anonymous_30)
FN:213,(anonymous_31)
FN:222,(anonymous_32)
FN:232,(anonymous_33)
FNF:34
FNH:0
FNDA:0,(anonymous_0)
FNDA:0,(anonymous_1)
FNDA:0,(anonymous_2)
FNDA:0,(anonymous_3)
FNDA:0,(anonymous_4)
FNDA:0,(anonymous_5)
FNDA:0,(anonymous_6)
FNDA:0,(anonymous_7)
FNDA:0,(anonymous_8)
FNDA:0,(anonymous_9)
FNDA:0,(anonymous_10)
FNDA:0,(anonymous_11)
FNDA:0,(anonymous_12)
FNDA:0,(anonymous_13)
FNDA:0,(anonymous_14)
FNDA:0,(anonymous_15)
FNDA:0,(anonymous_16)
FNDA:0,(anonymous_17)
FNDA:0,(anonymous_18)
FNDA:0,(anonymous_19)
FNDA:0,(anonymous_20)
FNDA:0,(anonymous_21)
FNDA:0,(anonymous_22)
FNDA:0,(anonymous_23)
FNDA:0,(anonymous_24)
FNDA:0,(anonymous_25)
FNDA:0,(anonymous_26)
FNDA:0,(anonymous_27)
FNDA:0,(anonymous_28)
FNDA:0,(anonymous_29)
FNDA:0,(anonymous_30)
FNDA:0,(anonymous_31)
FNDA:0,(anonymous_32)
FNDA:0,(anonymous_33)
DA:7,0
DA:8,0
DA:9,0
DA:10,0
DA:11,0
DA:12,0
DA:13,0
DA:14,0
DA:15,0
DA:16,0
DA:17,0
DA:18,0
DA:19,0
DA:20,0
DA:21,0
DA:22,0
DA:23,0
DA:24,0
DA:25,0
DA:26,0
DA:27,0
DA:28,0
DA:29,0
DA:30,0
DA:31,0
DA:32,0
DA:36,0
DA:39,0
DA:55,0
DA:131,0
DA:133,0
DA:134,0
DA:136,0
DA:137,0
DA:141,0
DA:143,0
DA:144,0
DA:145,0
DA:146,0
DA:147,0
DA:148,0
DA:151,0
DA:152,0
DA:155,0
DA:159,0
DA:161,0
DA:166,0
DA:167,0
DA:178,0
DA:179,0
DA:181,0
DA:183,0
DA:184,0
DA:186,0
DA:187,0
DA:188,0
DA:189,0
DA:191,0
DA:195,0
DA:196,0
DA:197,0
DA:199,0
DA:200,0
DA:203,0
DA:204,0
DA:207,0
DA:213,0
DA:214,0
DA:215,0
DA:216,0
DA:222,0
DA:223,0
DA:224,0
DA:225,0
DA:232,0
DA:233,0
DA:234,0
DA:236,0
DA:238,0
DA:241,0
DA:242,0
DA:243,0
DA:244,0
DA:245,0
DA:247,0
DA:248,0
DA:252,0
DA:253,0
DA:254,0
DA:256,0
DA:257,0
LF:91
LH:0
BRDA:146,0,0,0
BRDA:146,0,1,0
BRDA:151,1,0,0
BRDA:151,1,1,0
BRDA:179,2,0,0
BRDA:179,2,1,0
BRDA:188,3,0,0
BRDA:188,3,1,0
BRDA:196,4,0,0
BRDA:196,4,1,0
BRDA:203,5,0,0
BRDA:203,5,1,0
BRDA:214,6,0,0
BRDA:214,6,1,0
BRDA:223,7,0,0
BRDA:223,7,1,0
BRDA:236,8,0,0
BRDA:236,8,1,0
BRDA:238,9,0,0
BRDA:238,9,1,0
BRDA:241,10,0,0
BRDA:241,10,1,0
BRF:22
BRH:0
end_of_record
TN:
SF:src/lib/textAlignPlugin.ts
FN:33,processAlignComments
FN:65,(anonymous_1)
FN:65,(anonymous_2)
FN:65,(anonymous_3)
FN:72,(anonymous_4)
FN:72,(anonymous_5)
FN:82,(anonymous_6)
FN:94,(anonymous_7)
FN:103,(anonymous_8)
FN:104,(anonymous_9)
FN:114,(anonymous_10)
FN:115,(anonymous_11)
FN:128,(anonymous_12)
FN:128,(anonymous_13)
FN:138,(anonymous_14)
FN:148,(anonymous_15)
FN:150,(anonymous_16)
FN:161,(anonymous_17)
FN:162,(anonymous_18)
FN:172,(anonymous_19)
FN:173,(anonymous_20)
FNF:21
FNH:0
FNDA:0,processAlignComments
FNDA:0,(anonymous_1)
FNDA:0,(anonymous_2)
FNDA:0,(anonymous_3)
FNDA:0,(anonymous_4)
FNDA:0,(anonymous_5)
FNDA:0,(anonymous_6)
FNDA:0,(anonymous_7)
FNDA:0,(anonymous_8)
FNDA:0,(anonymous_9)
FNDA:0,(anonymous_10)
FNDA:0,(anonymous_11)
FNDA:0,(anonymous_12)
FNDA:0,(anonymous_13)
FNDA:0,(anonymous_14)
FNDA:0,(anonymous_15)
FNDA:0,(anonymous_16)
FNDA:0,(anonymous_17)
FNDA:0,(anonymous_18)
FNDA:0,(anonymous_19)
FNDA:0,(anonymous_20)
DA:27,0
DA:34,0
DA:37,0
DA:38,0
DA:41,0
DA:42,0
DA:43,0
DA:45,0
DA:46,0
DA:47,0
DA:48,0
DA:49,0
DA:50,0
DA:51,0
DA:52,0
DA:57,0
DA:60,0
DA:63,0
DA:65,0
DA:66,0
DA:72,0
DA:73,0
DA:74,0
DA:83,0
DA:84,0
DA:85,0
DA:87,0
DA:94,0
DA:103,0
DA:105,0
DA:106,0
DA:107,0
DA:108,0
DA:109,0
DA:114,0
DA:116,0
DA:117,0
DA:120,0
DA:128,0
DA:129,0
DA:130,0
DA:139,0
DA:140,0
DA:141,0
DA:143,0
DA:148,0
DA:150,0
DA:161,0
DA:163,0
DA:164,0
DA:165,0
DA:166,0
DA:167,0
DA:172,0
DA:174,0
DA:175,0
DA:178,0
DA:186,0
LF:58
LH:0
BRDA:34,0,0,0
BRDA:34,0,1,0
BRDA:45,1,0,0
BRDA:45,1,1,0
BRDA:45,2,0,0
BRDA:45,2,1,0
BRDA:47,3,0,0
BRDA:47,3,1,0
BRDA:47,4,0,0
BRDA:47,4,1,0
BRDA:49,5,0,0
BRDA:49,5,1,0
BRDA:49,6,0,0
BRDA:49,6,1,0
BRDA:50,7,0,0
BRDA:50,7,1,0
BRDA:84,8,0,0
BRDA:84,8,1,0
BRDA:85,9,0,0
BRDA:85,9,1,0
BRDA:95,10,0,0
BRDA:95,10,1,0
BRDA:99,11,0,0
BRDA:99,11,1,0
BRDA:105,12,0,0
BRDA:105,12,1,0
BRDA:107,13,0,0
BRDA:107,13,1,0
BRDA:108,14,0,0
BRDA:108,14,1,0
BRDA:116,15,0,0
BRDA:116,15,1,0
BRDA:140,16,0,0
BRDA:140,16,1,0
BRDA:141,17,0,0
BRDA:141,17,1,0
BRDA:152,18,0,0
BRDA:152,18,1,0
BRDA:153,19,0,0
BRDA:153,19,1,0
BRDA:157,20,0,0
BRDA:157,20,1,0
BRDA:164,21,0,0
BRDA:164,21,1,0
BRDA:174,22,0,0
BRDA:174,22,1,0
BRF:46
BRH:0
end_of_record
TN:
SF:src/lib/theme.ts
FN:107,(anonymous_0)
FN:124,(anonymous_1)
FN:126,(anonymous_2)
FN:127,(anonymous_3)
FN:128,(anonymous_4)
FN:129,(anonymous_5)
FN:130,(anonymous_6)
FN:131,(anonymous_7)
FN:132,(anonymous_8)
FN:141,(anonymous_9)
FN:156,(anonymous_10)
FN:157,(anonymous_11)
FNF:12
FNH:0
FNDA:0,(anonymous_0)
FNDA:0,(anonymous_1)
FNDA:0,(anonymous_2)
FNDA:0,(anonymous_3)
FNDA:0,(anonymous_4)
FNDA:0,(anonymous_5)
FNDA:0,(anonymous_6)
FNDA:0,(anonymous_7)
FNDA:0,(anonymous_8)
FNDA:0,(anonymous_9)
FNDA:0,(anonymous_10)
FNDA:0,(anonymous_11)
DA:54,0
DA:104,0
DA:107,0
DA:108,0
DA:109,0
DA:110,0
DA:111,0
DA:114,0
DA:116,0
DA:120,0
DA:122,0
DA:124,0
DA:125,0
DA:126,0
DA:127,0
DA:128,0
DA:129,0
DA:130,0
DA:131,0
DA:132,0
DA:133,0
DA:134,0
DA:135,0
DA:136,0
DA:137,0
DA:141,0
DA:142,0
DA:143,0
DA:144,0
DA:146,0
DA:147,0
DA:149,0
DA:154,0
DA:156,0
DA:157,0
DA:158,0
DA:159,0
DA:163,0
DA:164,0
DA:165,0
DA:166,0
DA:167,0
DA:168,0
DA:169,0
DA:170,0
DA:171,0
DA:174,0
DA:175,0
DA:177,0
DA:178,0
DA:179,0
DA:181,0
DA:182,0
DA:184,0
DA:185,0
DA:186,0
DA:188,0
DA:189,0
DA:190,0
DA:192,0
DA:193,0
DA:194,0
DA:195,0
DA:196,0
DA:198,0
DA:201,0
DA:202,0
DA:203,0
DA:204,0
DA:205,0
DA:207,0
DA:208,0
DA:209,0
DA:210,0
DA:212,0
DA:215,0
DA:216,0
DA:217,0
DA:218,0
DA:219,0
DA:220,0
DA:221,0
DA:222,0
DA:223,0
DA:224,0
DA:226,0
DA:227,0
DA:228,0
DA:229,0
DA:233,0
DA:234,0
LF:91
LH:0
BRDA:110,0,0,0
BRDA:110,0,1,0
BRDA:125,1,0,0
BRDA:125,1,1,0
BRDA:126,2,0,0
BRDA:126,2,1,0
BRDA:127,3,0,0
BRDA:127,3,1,0
BRDA:128,4,0,0
BRDA:128,4,1,0
BRDA:129,5,0,0
BRDA:129,5,1,0
BRDA:130,6,0,0
BRDA:130,6,1,0
BRDA:131,7,0,0
BRDA:131,7,1,0
BRDA:132,8,0,0
BRDA:132,8,1,0
BRDA:133,9,0,0
BRDA:133,9,1,0
BRDA:134,10,0,0
BRDA:134,10,1,0
BRDA:135,11,0,0
BRDA:135,11,1,0
BRDA:136,12,0,0
BRDA:136,12,1,0
BRDA:137,13,0,0
BRDA:137,13,1,0
BRDA:201,14,0,0
BRDA:201,14,1,0
BRDA:202,15,0,0
BRDA:202,15,1,0
BRDA:203,16,0,0
BRDA:203,16,1,0
BRDA:204,17,0,0
BRDA:204,17,1,0
BRDA:205,18,0,0
BRDA:205,18,1,0
BRDA:215,19,0,0
BRDA:215,19,1,0
BRDA:220,20,0,0
BRDA:220,20,1,0
BRDA:234,21,0,0
BRDA:234,21,1,0
BRF:44
BRH:0
end_of_record
TN:
SF:src/lib/themes.ts
FN:88,isBuiltinTheme
FN:93,getBuiltinTheme
FNF:2
FNH:0
FNDA:0,isBuiltinTheme
FNDA:0,getBuiltinTheme
DA:17,0
DA:89,0
DA:94,0
LF:3
LH:0
BRDA:89,0,0,0
BRDA:89,0,1,0
BRF:2
BRH:0
end_of_record
TN:
SF:src/lib/tutorial-notebook.ts
FNF:0
FNH:0
LF:0
LH:0
BRF:0
BRH:0
end_of_record
TN:
SF:src/lib/videoEmbedPlugin.ts
FN:22,(anonymous_0)
FN:22,(anonymous_1)
FN:22,(anonymous_2)
FN:63,isVideoHtml
FN:72,createMediaElement
FN:111,(anonymous_5)
FN:120,(anonymous_6)
FN:130,(anonymous_7)
FN:136,(anonymous_8)
FN:137,(anonymous_9)
FN:142,(anonymous_10)
FN:143,(anonymous_11)
FN:153,(anonymous_12)
FN:158,(anonymous_13)
FNF:14
FNH:0
FNDA:0,(anonymous_0)
FNDA:0,(anonymous_1)
FNDA:0,(anonymous_2)
FNDA:0,isVideoHtml
FNDA:0,createMediaElement
FNDA:0,(anonymous_5)
FNDA:0,(anonymous_6)
FNDA:0,(anonymous_7)
FNDA:0,(anonymous_8)
FNDA:0,(anonymous_9)
FNDA:0,(anonymous_10)
FNDA:0,(anonymous_11)
FNDA:0,(anonymous_12)
FNDA:0,(anonymous_13)
DA:17,0
DA:18,0
DA:20,0
DA:22,0
DA:23,0
DA:27,0
DA:28,0
DA:29,0
DA:30,0
DA:34,0
DA:35,0
DA:38,0
DA:42,0
DA:44,0
DA:45,0
DA:46,0
DA:47,0
DA:48,0
DA:50,0
DA:53,0
DA:54,0
DA:56,0
DA:59,0
DA:64,0
DA:65,0
DA:66,0
DA:73,0
DA:74,0
DA:75,0
DA:76,0
DA:78,0
DA:79,0
DA:80,0
DA:81,0
DA:82,0
DA:83,0
DA:84,0
DA:85,0
DA:86,0
DA:87,0
DA:88,0
DA:89,0
DA:91,0
DA:92,0
DA:93,0
DA:94,0
DA:95,0
DA:97,0
DA:98,0
DA:99,0
DA:100,0
DA:102,0
DA:107,0
DA:111,0
DA:121,0
DA:131,0
DA:136,0
DA:138,0
DA:142,0
DA:144,0
DA:151,0
DA:153,0
DA:154,0
DA:159,0
DA:160,0
DA:161,0
DA:162,0
DA:163,0
DA:164,0
DA:165,0
DA:167,0
DA:176,0
LF:72
LH:0
BRDA:23,0,0,0
BRDA:23,0,1,0
BRDA:30,1,0,0
BRDA:30,1,1,0
BRDA:30,2,0,0
BRDA:30,2,1,0
BRDA:30,2,2,0
BRDA:30,2,3,0
BRDA:38,3,0,0
BRDA:38,3,1,0
BRDA:46,4,0,0
BRDA:46,4,1,0
BRDA:50,5,0,0
BRDA:50,5,1,0
BRDA:50,6,0,0
BRDA:50,6,1,0
BRDA:50,6,2,0
BRDA:64,7,0,0
BRDA:64,7,1,0
BRDA:64,8,0,0
BRDA:64,8,1,0
BRDA:66,9,0,0
BRDA:66,9,1,0
BRDA:76,10,0,0
BRDA:76,10,1,0
BRDA:79,11,0,0
BRDA:79,11,1,0
BRDA:82,12,0,0
BRDA:82,12,1,0
BRDA:83,13,0,0
BRDA:83,13,1,0
BRDA:84,14,0,0
BRDA:84,14,1,0
BRDA:85,15,0,0
BRDA:85,15,1,0
BRDA:86,16,0,0
BRDA:86,16,1,0
BRDA:88,17,0,0
BRDA:88,17,1,0
BRDA:91,18,0,0
BRDA:91,18,1,0
BRDA:91,19,0,0
BRDA:91,19,1,0
BRDA:94,20,0,0
BRDA:94,20,1,0
BRDA:94,21,0,0
BRDA:94,21,1,0
BRDA:131,22,0,0
BRDA:131,22,1,0
BRDA:131,22,2,0
BRDA:164,23,0,0
BRDA:164,23,1,0
BRF:52
BRH:0
end_of_record
TN:
SF:src/lib/notebooks/index.ts
FN:25,isBuiltinNotebook
FN:30,getBuiltinNotebook
FNF:2
FNH:0
FNDA:0,isBuiltinNotebook
FNDA:0,getBuiltinNotebook
DA:17,0
DA:26,0
DA:31,0
LF:3
LH:0
BRDA:26,0,0,0
BRDA:26,0,1,0
BRF:2
BRH:0
end_of_record
TN:
SF:src/lib/notebooks/types.ts
FNF:0
FNH:0
LF:0
LH:0
BRF:0
BRH:0
end_of_record
TN:
SF:src/lib/notebooks/coding-interview-prep/index.ts
FNF:0
FNH:0
DA:14,0
LF:1
LH:0
BRF:0
BRH:0
end_of_record
TN:
SF:src/lib/notebooks/coding-interview-prep/landing.ts
FNF:0
FNH:0
DA:4,0
LF:1
LH:0
BRF:0
BRH:0
end_of_record
TN:
SF:src/lib/notebooks/coding-interview-prep/section1.ts
FNF:0
FNH:0
DA:4,0
LF:1
LH:0
BRF:0
BRH:0
end_of_record
TN:
SF:src/lib/notebooks/coding-interview-prep/section2.ts
FNF:0
FNH:0
DA:4,0
LF:1
LH:0
BRF:0
BRH:0
end_of_record
TN:
SF:src/lib/notebooks/coding-interview-prep/section3.ts
FNF:0
FNH:0
DA:4,0
LF:1
LH:0
BRF:0
BRH:0
end_of_record
TN:
SF:src/lib/notebooks/no-magic/index.ts
FNF:0
FNH:0
DA:31,0
LF:1
LH:0
BRF:0
BRH:0
end_of_record
TN:
SF:src/lib/notebooks/no-magic/landing.ts
FNF:0
FNH:0
DA:4,0
LF:1
LH:0
BRF:0
BRH:0
end_of_record
TN:
SF:src/lib/notebooks/no-magic/foundations/microbert.ts
FNF:0
FNH:0
DA:5,0
LF:1
LH:0
BRF:0
BRH:0
end_of_record
TN:
SF:src/lib/notebooks/no-magic/foundations/microconv.ts
FNF:0
FNH:0
DA:5,0
LF:1
LH:0
BRF:0
BRH:0
end_of_record
TN:
SF:src/lib/notebooks/no-magic/foundations/microdiffusion.ts
FNF:0
FNH:0
DA:5,0
LF:1
LH:0
BRF:0
BRH:0
end_of_record
TN:
SF:src/lib/notebooks/no-magic/foundations/microembedding.ts
FNF:0
FNH:0
DA:5,0
LF:1
LH:0
BRF:0
BRH:0
end_of_record
TN:
SF:src/lib/notebooks/no-magic/foundations/microgan.ts
FNF:0
FNH:0
DA:5,0
LF:1
LH:0
BRF:0
BRH:0
end_of_record
TN:
SF:src/lib/notebooks/no-magic/foundations/microgpt.ts
FNF:0
FNH:0
DA:5,0
LF:1
LH:0
BRF:0
BRH:0
end_of_record
TN:
SF:src/lib/notebooks/no-magic/foundations/microoptimizer.ts
FNF:0
FNH:0
DA:5,0
LF:1
LH:0
BRF:0
BRH:0
end_of_record
TN:
SF:src/lib/notebooks/no-magic/foundations/microrag.ts
FNF:0
FNH:0
DA:5,0
LF:1
LH:0
BRF:0
BRH:0
end_of_record
TN:
SF:src/lib/notebooks/no-magic/foundations/micrornn.ts
FNF:0
FNH:0
DA:5,0
LF:1
LH:0
BRF:0
BRH:0
end_of_record
TN:
SF:src/lib/notebooks/no-magic/foundations/microtokenizer.ts
FNF:0
FNH:0
DA:5,0
LF:1
LH:0
BRF:0
BRH:0
end_of_record
TN:
SF:src/lib/notebooks/no-magic/foundations/microvae.ts
FNF:0
FNH:0
DA:5,0
LF:1
LH:0
BRF:0
BRH:0
end_of_record
TN:
SF:src/lib/notebooks/testing/index.ts
FNF:0
FNH:0
DA:8,0
LF:1
LH:0
BRF:0
BRH:0
end_of_record
TN:
SF:src/lib/notebooks/testing/testing-ground.ts
FNF:0
FNH:0
DA:3,0
LF:1
LH:0
BRF:0
BRH:0
end_of_record
TN:
SF:src/lib/notebooks/tutorials/index.ts
FNF:0
FNH:0
DA:15,0
LF:1
LH:0
BRF:0
BRH:0
end_of_record
TN:
SF:src/lib/notebooks/tutorials/tutorial-api.ts
FNF:0
FNH:0
DA:3,0
LF:1
LH:0
BRF:0
BRH:0
end_of_record
TN:
SF:src/lib/notebooks/tutorials/tutorial-charts.ts
FNF:0
FNH:0
DA:3,0
LF:1
LH:0
BRF:0
BRH:0
end_of_record
TN:
SF:src/lib/notebooks/tutorials/tutorial-quickstart.ts
FNF:0
FNH:0
DA:4,0
DA:27,0
LF:2
LH:0
BRF:0
BRH:0
end_of_record
TN:
SF:src/lib/notebooks/tutorials/tutorial-reactive.ts
FNF:0
FNH:0
DA:3,0
LF:1
LH:0
BRF:0
BRH:0
end_of_record
TN:
SF:src/lib/notebooks/tutorials/tutorial-ui-part1.ts
FNF:0
FNH:0
DA:3,0
LF:1
LH:0
BRF:0
BRH:0
end_of_record
TN:
SF:src/lib/notebooks/tutorials/tutorial-ui-part2.ts
FNF:0
FNH:0
DA:3,0
LF:1
LH:0
BRF:0
BRH:0
end_of_record
TN:
SF:src/lib/notebooks/tutorials/tutorial-ui-part3.ts
FNF:0
FNH:0
DA:3,0
LF:1
LH:0
BRF:0
BRH:0
end_of_record
TN:
SF:src/lib/notebooks/tutorials/tutorial-ui.ts
FNF:0
FNH:0
DA:3,0
LF:1
LH:0
BRF:0
BRH:0
end_of_record
